#
# There is insufficient memory for the Java Runtime Environment to continue.
# Native memory allocation (malloc) failed to allocate 2377248 bytes. Error detail: Chunk::new
# Possible reasons:
#   The system is out of physical RAM or swap space
#   This process is running with CompressedOops enabled, and the Java Heap may be blocking the growth of the native heap
# Possible solutions:
#   Reduce memory load on the system
#   Increase physical memory or swap space
#   Check if swap backing store is full
#   Decrease Java heap size (-Xmx/-Xms)
#   Decrease number of Java threads
#   Decrease Java thread stack sizes (-Xss)
#   Set larger code cache with -XX:ReservedCodeCacheSize=
#   JVM is running with Unscaled Compressed Oops mode in which the Java heap is
#     placed in the first 4GB address space. The Java Heap base address is the
#     maximum limit for the native heap growth. Please use -XX:HeapBaseMinAddress
#     to set the Java Heap base and to place the Java Heap above 4GB virtual address.
# This output file may be truncated or incomplete.
#
#  Out of Memory Error (arena.cpp:191), pid=24756, tid=13472
#
# JRE version: OpenJDK Runtime Environment Temurin-17.0.17+10 (17.0.17+10) (build 17.0.17+10)
# Java VM: OpenJDK 64-Bit Server VM Temurin-17.0.17+10 (17.0.17+10, mixed mode, sharing, tiered, compressed oops, compressed class ptrs, g1 gc, windows-amd64)
# No core dump will be written. Minidumps are not enabled by default on client versions of Windows
#

---------------  S U M M A R Y ------------

Command Line: --add-opens=java.base/java.lang=ALL-UNNAMED --add-opens=java.base/java.lang.invoke=ALL-UNNAMED --add-opens=java.base/java.util=ALL-UNNAMED --add-opens=java.prefs/java.util.prefs=ALL-UNNAMED --add-exports=jdk.compiler/com.sun.tools.javac.api=ALL-UNNAMED --add-exports=jdk.compiler/com.sun.tools.javac.util=ALL-UNNAMED --add-opens=java.base/java.util=ALL-UNNAMED --add-opens=java.prefs/java.util.prefs=ALL-UNNAMED --add-opens=java.base/java.nio.charset=ALL-UNNAMED --add-opens=java.base/java.net=ALL-UNNAMED --add-opens=java.base/java.util.concurrent.atomic=ALL-UNNAMED --add-opens=java.xml/javax.xml.namespace=ALL-UNNAMED -XX:MaxMetaspaceSize=512m -Xmx1536m -Dfile.encoding=UTF-8 -Duser.country=FR -Duser.language=fr -Duser.variant -javaagent:C:\Users\youbitech\.gradle\wrapper\dists\gradle-8.13-bin\5xuhj0ry160q40clulazy9h7d\gradle-8.13\lib\agents\gradle-instrumentation-agent-8.13.jar org.gradle.launcher.daemon.bootstrap.GradleDaemon 8.13

Host: Intel(R) Core(TM) i5-8250U CPU @ 1.60GHz, 8 cores, 7G,  Windows 10 , 64 bit Build 19041 (10.0.19041.5915)
Time: Fri Nov 21 23:34:49 2025 GMT elapsed time: 15.176170 seconds (0d 0h 0m 15s)

---------------  T H R E A D  ---------------

Current thread (0x000001c312ddf380):  JavaThread "C2 CompilerThread0" daemon [_thread_in_native, id=13472, stack(0x000000ab21b00000,0x000000ab21c00000)]


Current CompileTask:
C2:15176 8639   !   4       java.lang.reflect.Executable::declaredAnnotations (85 bytes)

Stack: [0x000000ab21b00000,0x000000ab21c00000]
Native frames: (J=compiled Java code, j=interpreted, Vv=VM code, C=native code)
V  [jvm.dll+0x683fb9]
V  [jvm.dll+0x83a1b5]
V  [jvm.dll+0x83bc2e]
V  [jvm.dll+0x83c2b3]
V  [jvm.dll+0x248eff]
V  [jvm.dll+0xad496]
V  [jvm.dll+0xadb3c]
V  [jvm.dll+0x368a3e]
V  [jvm.dll+0x1bc3f9]
V  [jvm.dll+0x219f10]
V  [jvm.dll+0x219200]
V  [jvm.dll+0x1a4920]
V  [jvm.dll+0x22989a]
V  [jvm.dll+0x227a4b]
V  [jvm.dll+0x7effb8]
V  [jvm.dll+0x7ea44c]
V  [jvm.dll+0x682e87]
C  [ucrtbase.dll+0x21bb2]
C  [KERNEL32.DLL+0x17374]
C  [ntdll.dll+0x4cc91]


---------------  P R O C E S S  ---------------

Threads class SMR info:
_java_thread_list=0x000001c334567a80, length=37, elements={
0x000001c375b32cb0, 0x000001c312dc11d0, 0x000001c312dc1f60, 0x000001c312dd8bf0,
0x000001c312ddb5d0, 0x000001c312ddbea0, 0x000001c312dde780, 0x000001c312ddf380,
0x000001c312ddfc90, 0x000001c312de25b0, 0x000001c312e4e7e0, 0x000001c33220bff0,
0x000001c332f185d0, 0x000001c33333df40, 0x000001c3338d2300, 0x000001c3329d6420,
0x000001c3329d6e40, 0x000001c3329d8280, 0x000001c3329d4ad0, 0x000001c3329d5f10,
0x000001c3329d7350, 0x000001c333a947f0, 0x000001c333a938c0, 0x000001c333a92ea0,
0x000001c333a984b0, 0x000001c333a97fa0, 0x000001c333a96b60, 0x000001c333a97070,
0x000001c333a96140, 0x000001c333a95c30, 0x000001c333a91a60, 0x000001c333a91f70,
0x000001c333a93dd0, 0x000001c333a92480, 0x000001c333a95210, 0x000001c333a95720,
0x000001c3329d7860
}

Java Threads: ( => current thread )
  0x000001c375b32cb0 JavaThread "main" [_thread_blocked, id=21424, stack(0x000000ab20e00000,0x000000ab20f00000)]
  0x000001c312dc11d0 JavaThread "Reference Handler" daemon [_thread_blocked, id=18720, stack(0x000000ab21500000,0x000000ab21600000)]
  0x000001c312dc1f60 JavaThread "Finalizer" daemon [_thread_blocked, id=23264, stack(0x000000ab21600000,0x000000ab21700000)]
  0x000001c312dd8bf0 JavaThread "Signal Dispatcher" daemon [_thread_blocked, id=16960, stack(0x000000ab21700000,0x000000ab21800000)]
  0x000001c312ddb5d0 JavaThread "Attach Listener" daemon [_thread_blocked, id=22824, stack(0x000000ab21800000,0x000000ab21900000)]
  0x000001c312ddbea0 JavaThread "Service Thread" daemon [_thread_blocked, id=23744, stack(0x000000ab21900000,0x000000ab21a00000)]
  0x000001c312dde780 JavaThread "Monitor Deflation Thread" daemon [_thread_blocked, id=24344, stack(0x000000ab21a00000,0x000000ab21b00000)]
=>0x000001c312ddf380 JavaThread "C2 CompilerThread0" daemon [_thread_in_native, id=13472, stack(0x000000ab21b00000,0x000000ab21c00000)]
  0x000001c312ddfc90 JavaThread "C1 CompilerThread0" daemon [_thread_blocked, id=19816, stack(0x000000ab21c00000,0x000000ab21d00000)]
  0x000001c312de25b0 JavaThread "Sweeper thread" daemon [_thread_blocked, id=21256, stack(0x000000ab21d00000,0x000000ab21e00000)]
  0x000001c312e4e7e0 JavaThread "Common-Cleaner" daemon [_thread_blocked, id=5380, stack(0x000000ab21e00000,0x000000ab21f00000)]
  0x000001c33220bff0 JavaThread "Notification Thread" daemon [_thread_blocked, id=22388, stack(0x000000ab21f00000,0x000000ab22000000)]
  0x000001c332f185d0 JavaThread "Daemon health stats" [_thread_blocked, id=8964, stack(0x000000ab22500000,0x000000ab22600000)]
  0x000001c33333df40 JavaThread "Incoming local TCP Connector on port 60302" [_thread_in_native, id=17800, stack(0x000000ab22600000,0x000000ab22700000)]
  0x000001c3338d2300 JavaThread "Daemon periodic checks" [_thread_blocked, id=1828, stack(0x000000ab22700000,0x000000ab22800000)]
  0x000001c3329d6420 JavaThread "Daemon" [_thread_blocked, id=6884, stack(0x000000ab22800000,0x000000ab22900000)]
  0x000001c3329d6e40 JavaThread "Handler for socket connection from /127.0.0.1:60302 to /127.0.0.1:60303" [_thread_in_native, id=12144, stack(0x000000ab22900000,0x000000ab22a00000)]
  0x000001c3329d8280 JavaThread "Cancel handler" [_thread_blocked, id=22576, stack(0x000000ab22a00000,0x000000ab22b00000)]
  0x000001c3329d4ad0 JavaThread "Daemon worker" [_thread_in_Java, id=16124, stack(0x000000ab22b00000,0x000000ab22c00000)]
  0x000001c3329d5f10 JavaThread "Asynchronous log dispatcher for DefaultDaemonConnection: socket connection from /127.0.0.1:60302 to /127.0.0.1:60303" [_thread_blocked, id=3096, stack(0x000000ab22c00000,0x000000ab22d00000)]
  0x000001c3329d7350 JavaThread "Stdin handler" [_thread_blocked, id=23952, stack(0x000000ab22d00000,0x000000ab22e00000)]
  0x000001c333a947f0 JavaThread "Daemon client event forwarder" [_thread_blocked, id=24432, stack(0x000000ab22e00000,0x000000ab22f00000)]
  0x000001c333a938c0 JavaThread "Cache worker for journal cache (C:\Users\youbitech\.gradle\caches\journal-1)" [_thread_blocked, id=23612, stack(0x000000ab22f00000,0x000000ab23000000)]
  0x000001c333a92ea0 JavaThread "File lock request listener" [_thread_in_native, id=16940, stack(0x000000ab23000000,0x000000ab23100000)]
  0x000001c333a984b0 JavaThread "Cache worker for file hash cache (C:\Users\youbitech\.gradle\caches\8.13\fileHashes)" [_thread_blocked, id=26288, stack(0x000000ab23100000,0x000000ab23200000)]
  0x000001c333a97fa0 JavaThread "Cache worker for file hash cache (C:\Users\youbitech\AndroidStudioProjects\SOAPCompteApp\.gradle\8.13\fileHashes)" [_thread_blocked, id=1740, stack(0x000000ab23500000,0x000000ab23600000)]
  0x000001c333a96b60 JavaThread "Cache worker for Build Output Cleanup Cache (C:\Users\youbitech\AndroidStudioProjects\SOAPCompteApp\.gradle\buildOutputCleanup)" [_thread_blocked, id=26524, stack(0x000000ab23600000,0x000000ab23700000)]
  0x000001c333a97070 JavaThread "File watcher server" daemon [_thread_in_native, id=11460, stack(0x000000ab23800000,0x000000ab23900000)]
  0x000001c333a96140 JavaThread "File watcher consumer" daemon [_thread_blocked, id=25524, stack(0x000000ab23900000,0x000000ab23a00000)]
  0x000001c333a95c30 JavaThread "Cache worker for checksums cache (C:\Users\youbitech\AndroidStudioProjects\SOAPCompteApp\.gradle\8.13\checksums)" [_thread_blocked, id=19492, stack(0x000000ab23a00000,0x000000ab23b00000)]
  0x000001c333a91a60 JavaThread "Cache worker for file content cache (C:\Users\youbitech\.gradle\caches\8.13\fileContent)" [_thread_blocked, id=24876, stack(0x000000ab23b00000,0x000000ab23c00000)]
  0x000001c333a91f70 JavaThread "Cache worker for cache directory md-supplier (C:\Users\youbitech\.gradle\caches\8.13\md-supplier)" [_thread_blocked, id=24112, stack(0x000000ab23c00000,0x000000ab23d00000)]
  0x000001c333a93dd0 JavaThread "Cache worker for cache directory md-rule (C:\Users\youbitech\.gradle\caches\8.13\md-rule)" [_thread_blocked, id=516, stack(0x000000ab23d00000,0x000000ab23e00000)]
  0x000001c333a92480 JavaThread "Unconstrained build operations" [_thread_blocked, id=24808, stack(0x000000ab23e00000,0x000000ab23f00000)]
  0x000001c333a95210 JavaThread "Unconstrained build operations Thread 2" [_thread_blocked, id=15260, stack(0x000000ab23f00000,0x000000ab24000000)]
  0x000001c333a95720 JavaThread "Unconstrained build operations Thread 3" [_thread_blocked, id=20096, stack(0x000000ab24000000,0x000000ab24100000)]
  0x000001c3329d7860 JavaThread "Memory manager" [_thread_blocked, id=8668, stack(0x000000ab24100000,0x000000ab24200000)]

Other Threads:
  0x000001c312dbc360 VMThread "VM Thread" [stack: 0x000000ab21400000,0x000000ab21500000] [id=22976]
  0x000001c375b33b80 WatcherThread [stack: 0x000000ab22000000,0x000000ab22100000] [id=18948]
  0x000001c375b7f150 GCTaskThread "GC Thread#0" [stack: 0x000000ab20f00000,0x000000ab21000000] [id=9764]
  0x000001c3323fbbb0 GCTaskThread "GC Thread#1" [stack: 0x000000ab22100000,0x000000ab22200000] [id=24104]
  0x000001c3323fd660 GCTaskThread "GC Thread#2" [stack: 0x000000ab22200000,0x000000ab22300000] [id=26160]
  0x000001c332a7d090 GCTaskThread "GC Thread#3" [stack: 0x000000ab22300000,0x000000ab22400000] [id=944]
  0x000001c3330d7260 GCTaskThread "GC Thread#4" [stack: 0x000000ab22400000,0x000000ab22500000] [id=24668]
  0x000001c332a6d2d0 GCTaskThread "GC Thread#5" [stack: 0x000000ab23200000,0x000000ab23300000] [id=24520]
  0x000001c334243050 GCTaskThread "GC Thread#6" [stack: 0x000000ab23300000,0x000000ab23400000] [id=22376]
  0x000001c334243310 GCTaskThread "GC Thread#7" [stack: 0x000000ab23400000,0x000000ab23500000] [id=20580]
  0x000001c375b8bfb0 ConcurrentGCThread "G1 Main Marker" [stack: 0x000000ab21000000,0x000000ab21100000] [id=24140]
  0x000001c375b8c8e0 ConcurrentGCThread "G1 Conc#0" [stack: 0x000000ab21100000,0x000000ab21200000] [id=19640]
  0x000001c334a88a50 ConcurrentGCThread "G1 Conc#1" [stack: 0x000000ab23700000,0x000000ab23800000] [id=19772]
  0x000001c375be70c0 ConcurrentGCThread "G1 Refine#0" [stack: 0x000000ab21200000,0x000000ab21300000] [id=6152]
  0x000001c375be7a00 ConcurrentGCThread "G1 Service" [stack: 0x000000ab21300000,0x000000ab21400000] [id=17824]

Threads with active compile tasks:
C2 CompilerThread0  15210 8639   !   4       java.lang.reflect.Executable::declaredAnnotations (85 bytes)

VM state: not at safepoint (normal execution)

VM Mutex/Monitor currently owned by a thread: None

Heap address: 0x00000000a0000000, size: 1536 MB, Compressed Oops mode: 32-bit

CDS archive(s) mapped at: [0x000001c313000000-0x000001c313bb0000-0x000001c313bb0000), size 12255232, SharedBaseAddress: 0x000001c313000000, ArchiveRelocationMode: 1.
Compressed class space mapped at: 0x000001c314000000-0x000001c32e000000, reserved size: 436207616
Narrow klass base: 0x000001c313000000, Narrow klass shift: 0, Narrow klass range: 0x100000000

GC Precious Log:
 CPUs: 8 total, 8 available
 Memory: 8035M
 Large Page Support: Disabled
 NUMA Support: Disabled
 Compressed Oops: Enabled (32-bit)
 Heap Region Size: 1M
 Heap Min Capacity: 8M
 Heap Initial Capacity: 126M
 Heap Max Capacity: 1536M
 Pre-touch: Disabled
 Parallel Workers: 8
 Concurrent Workers: 2
 Concurrent Refinement Workers: 8
 Periodic GC: Disabled

Heap:
 garbage-first heap   total 126976K, used 85872K [0x00000000a0000000, 0x0000000100000000)
  region size 1024K, 11 young (11264K), 4 survivors (4096K)
 Metaspace       used 60922K, committed 61696K, reserved 491520K
  class space    used 8404K, committed 8768K, reserved 425984K

Heap Regions: E=young(eden), S=young(survivor), O=old, HS=humongous(starts), HC=humongous(continues), CS=collection set, F=free, OA=open archive, CA=closed archive, TAMS=top-at-mark-start (previous, next)
|   0|0x00000000a0000000, 0x00000000a0100000, 0x00000000a0100000|100%|HS|  |TAMS 0x00000000a0100000, 0x00000000a0000000| Complete 
|   1|0x00000000a0100000, 0x00000000a0200000, 0x00000000a0200000|100%|HC|  |TAMS 0x00000000a0200000, 0x00000000a0100000| Complete 
|   2|0x00000000a0200000, 0x00000000a0300000, 0x00000000a0300000|100%|HC|  |TAMS 0x00000000a0300000, 0x00000000a0200000| Complete 
|   3|0x00000000a0300000, 0x00000000a0400000, 0x00000000a0400000|100%| O|  |TAMS 0x00000000a0400000, 0x00000000a0300000| Untracked 
|   4|0x00000000a0400000, 0x00000000a0500000, 0x00000000a0500000|100%| O|  |TAMS 0x00000000a0500000, 0x00000000a0400000| Untracked 
|   5|0x00000000a0500000, 0x00000000a0600000, 0x00000000a0600000|100%| O|  |TAMS 0x00000000a0600000, 0x00000000a0500000| Untracked 
|   6|0x00000000a0600000, 0x00000000a0700000, 0x00000000a0700000|100%|HS|  |TAMS 0x00000000a0700000, 0x00000000a0600000| Complete 
|   7|0x00000000a0700000, 0x00000000a0800000, 0x00000000a0800000|100%| O|  |TAMS 0x00000000a0800000, 0x00000000a0700000| Untracked 
|   8|0x00000000a0800000, 0x00000000a0900000, 0x00000000a0900000|100%| O|  |TAMS 0x00000000a0900000, 0x00000000a0800000| Untracked 
|   9|0x00000000a0900000, 0x00000000a0a00000, 0x00000000a0a00000|100%| O|  |TAMS 0x00000000a0a00000, 0x00000000a0900000| Untracked 
|  10|0x00000000a0a00000, 0x00000000a0b00000, 0x00000000a0b00000|100%| O|  |TAMS 0x00000000a0b00000, 0x00000000a0a00000| Untracked 
|  11|0x00000000a0b00000, 0x00000000a0c00000, 0x00000000a0c00000|100%| O|  |TAMS 0x00000000a0c00000, 0x00000000a0b00000| Untracked 
|  12|0x00000000a0c00000, 0x00000000a0d00000, 0x00000000a0d00000|100%| O|  |TAMS 0x00000000a0d00000, 0x00000000a0c00000| Untracked 
|  13|0x00000000a0d00000, 0x00000000a0e00000, 0x00000000a0e00000|100%| O|  |TAMS 0x00000000a0e00000, 0x00000000a0d00000| Untracked 
|  14|0x00000000a0e00000, 0x00000000a0f00000, 0x00000000a0f00000|100%| O|  |TAMS 0x00000000a0f00000, 0x00000000a0e00000| Untracked 
|  15|0x00000000a0f00000, 0x00000000a1000000, 0x00000000a1000000|100%| O|  |TAMS 0x00000000a1000000, 0x00000000a0f00000| Untracked 
|  16|0x00000000a1000000, 0x00000000a1100000, 0x00000000a1100000|100%| O|  |TAMS 0x00000000a1100000, 0x00000000a1000000| Untracked 
|  17|0x00000000a1100000, 0x00000000a1200000, 0x00000000a1200000|100%| O|  |TAMS 0x00000000a1200000, 0x00000000a1100000| Untracked 
|  18|0x00000000a1200000, 0x00000000a1300000, 0x00000000a1300000|100%| O|  |TAMS 0x00000000a1300000, 0x00000000a1200000| Untracked 
|  19|0x00000000a1300000, 0x00000000a1400000, 0x00000000a1400000|100%| O|  |TAMS 0x00000000a1400000, 0x00000000a1300000| Untracked 
|  20|0x00000000a1400000, 0x00000000a1500000, 0x00000000a1500000|100%| O|  |TAMS 0x00000000a1500000, 0x00000000a1400000| Untracked 
|  21|0x00000000a1500000, 0x00000000a1600000, 0x00000000a1600000|100%| O|  |TAMS 0x00000000a1600000, 0x00000000a1500000| Untracked 
|  22|0x00000000a1600000, 0x00000000a1700000, 0x00000000a1700000|100%| O|  |TAMS 0x00000000a1700000, 0x00000000a1600000| Untracked 
|  23|0x00000000a1700000, 0x00000000a1800000, 0x00000000a1800000|100%| O|  |TAMS 0x00000000a1800000, 0x00000000a1700000| Untracked 
|  24|0x00000000a1800000, 0x00000000a1900000, 0x00000000a1900000|100%| O|  |TAMS 0x00000000a1900000, 0x00000000a1800000| Untracked 
|  25|0x00000000a1900000, 0x00000000a1a00000, 0x00000000a1a00000|100%| O|  |TAMS 0x00000000a1a00000, 0x00000000a1900000| Untracked 
|  26|0x00000000a1a00000, 0x00000000a1b00000, 0x00000000a1b00000|100%| O|  |TAMS 0x00000000a1b00000, 0x00000000a1a00000| Untracked 
|  27|0x00000000a1b00000, 0x00000000a1c00000, 0x00000000a1c00000|100%| O|  |TAMS 0x00000000a1c00000, 0x00000000a1b00000| Untracked 
|  28|0x00000000a1c00000, 0x00000000a1d00000, 0x00000000a1d00000|100%| O|  |TAMS 0x00000000a1c00000, 0x00000000a1c00000| Untracked 
|  29|0x00000000a1d00000, 0x00000000a1e00000, 0x00000000a1e00000|100%| O|  |TAMS 0x00000000a1e00000, 0x00000000a1d00000| Untracked 
|  30|0x00000000a1e00000, 0x00000000a1f00000, 0x00000000a1f00000|100%| O|  |TAMS 0x00000000a1f00000, 0x00000000a1e00000| Untracked 
|  31|0x00000000a1f00000, 0x00000000a2000000, 0x00000000a2000000|100%| O|  |TAMS 0x00000000a2000000, 0x00000000a1f00000| Untracked 
|  32|0x00000000a2000000, 0x00000000a2100000, 0x00000000a2100000|100%| O|  |TAMS 0x00000000a2100000, 0x00000000a2000000| Untracked 
|  33|0x00000000a2100000, 0x00000000a2200000, 0x00000000a2200000|100%| O|  |TAMS 0x00000000a2200000, 0x00000000a2100000| Untracked 
|  34|0x00000000a2200000, 0x00000000a2300000, 0x00000000a2300000|100%| O|  |TAMS 0x00000000a2300000, 0x00000000a2200000| Untracked 
|  35|0x00000000a2300000, 0x00000000a2400000, 0x00000000a2400000|100%| O|  |TAMS 0x00000000a2400000, 0x00000000a2300000| Untracked 
|  36|0x00000000a2400000, 0x00000000a2500000, 0x00000000a2500000|100%| O|  |TAMS 0x00000000a2500000, 0x00000000a2400000| Untracked 
|  37|0x00000000a2500000, 0x00000000a2600000, 0x00000000a2600000|100%| O|  |TAMS 0x00000000a2600000, 0x00000000a2500000| Untracked 
|  38|0x00000000a2600000, 0x00000000a2700000, 0x00000000a2700000|100%| O|  |TAMS 0x00000000a2700000, 0x00000000a2600000| Untracked 
|  39|0x00000000a2700000, 0x00000000a2800000, 0x00000000a2800000|100%| O|  |TAMS 0x00000000a2800000, 0x00000000a2700000| Untracked 
|  40|0x00000000a2800000, 0x00000000a2900000, 0x00000000a2900000|100%|HS|  |TAMS 0x00000000a2800000, 0x00000000a2800000| Complete 
|  41|0x00000000a2900000, 0x00000000a2a00000, 0x00000000a2a00000|100%| O|  |TAMS 0x00000000a2a00000, 0x00000000a2900000| Untracked 
|  42|0x00000000a2a00000, 0x00000000a2b00000, 0x00000000a2b00000|100%| O|  |TAMS 0x00000000a2b00000, 0x00000000a2a00000| Untracked 
|  43|0x00000000a2b00000, 0x00000000a2c00000, 0x00000000a2c00000|100%| O|  |TAMS 0x00000000a2c00000, 0x00000000a2b00000| Untracked 
|  44|0x00000000a2c00000, 0x00000000a2d00000, 0x00000000a2d00000|100%| O|  |TAMS 0x00000000a2d00000, 0x00000000a2c00000| Untracked 
|  45|0x00000000a2d00000, 0x00000000a2e00000, 0x00000000a2e00000|100%|HS|  |TAMS 0x00000000a2e00000, 0x00000000a2d00000| Complete 
|  46|0x00000000a2e00000, 0x00000000a2edc000, 0x00000000a2f00000| 85%| O|  |TAMS 0x00000000a2e00000, 0x00000000a2e00000| Untracked 
|  47|0x00000000a2f00000, 0x00000000a3000000, 0x00000000a3000000|100%| O|  |TAMS 0x00000000a3000000, 0x00000000a2f00000| Untracked 
|  48|0x00000000a3000000, 0x00000000a3100000, 0x00000000a3100000|100%|HS|  |TAMS 0x00000000a3000000, 0x00000000a3000000| Complete 
|  49|0x00000000a3100000, 0x00000000a3200000, 0x00000000a3200000|100%|HS|  |TAMS 0x00000000a3100000, 0x00000000a3100000| Complete 
|  50|0x00000000a3200000, 0x00000000a3300000, 0x00000000a3300000|100%| O|  |TAMS 0x00000000a3300000, 0x00000000a3200000| Untracked 
|  51|0x00000000a3300000, 0x00000000a3400000, 0x00000000a3400000|100%|HS|  |TAMS 0x00000000a3400000, 0x00000000a3300000| Complete 
|  52|0x00000000a3400000, 0x00000000a3500000, 0x00000000a3500000|100%|HS|  |TAMS 0x00000000a3500000, 0x00000000a3400000| Complete 
|  53|0x00000000a3500000, 0x00000000a3600000, 0x00000000a3600000|100%|HC|  |TAMS 0x00000000a3600000, 0x00000000a3500000| Complete 
|  54|0x00000000a3600000, 0x00000000a3700000, 0x00000000a3700000|100%|HS|  |TAMS 0x00000000a3700000, 0x00000000a3600000| Complete 
|  55|0x00000000a3700000, 0x00000000a3800000, 0x00000000a3800000|100%|HC|  |TAMS 0x00000000a3800000, 0x00000000a3700000| Complete 
|  56|0x00000000a3800000, 0x00000000a3900000, 0x00000000a3900000|100%|HS|  |TAMS 0x00000000a3900000, 0x00000000a3800000| Complete 
|  57|0x00000000a3900000, 0x00000000a3a00000, 0x00000000a3a00000|100%|HC|  |TAMS 0x00000000a3a00000, 0x00000000a3900000| Complete 
|  58|0x00000000a3a00000, 0x00000000a3b00000, 0x00000000a3b00000|100%|HC|  |TAMS 0x00000000a3b00000, 0x00000000a3a00000| Complete 
|  59|0x00000000a3b00000, 0x00000000a3c00000, 0x00000000a3c00000|100%|HS|  |TAMS 0x00000000a3c00000, 0x00000000a3b00000| Complete 
|  60|0x00000000a3c00000, 0x00000000a3d00000, 0x00000000a3d00000|100%|HS|  |TAMS 0x00000000a3d00000, 0x00000000a3c00000| Complete 
|  61|0x00000000a3d00000, 0x00000000a3e00000, 0x00000000a3e00000|100%| O|  |TAMS 0x00000000a3e00000, 0x00000000a3d00000| Untracked 
|  62|0x00000000a3e00000, 0x00000000a3f00000, 0x00000000a3f00000|100%|HS|  |TAMS 0x00000000a3f00000, 0x00000000a3e00000| Complete 
|  63|0x00000000a3f00000, 0x00000000a4000000, 0x00000000a4000000|100%|HS|  |TAMS 0x00000000a4000000, 0x00000000a3f00000| Complete 
|  64|0x00000000a4000000, 0x00000000a4100000, 0x00000000a4100000|100%| O|  |TAMS 0x00000000a4100000, 0x00000000a4000000| Untracked 
|  65|0x00000000a4100000, 0x00000000a4200000, 0x00000000a4200000|100%| O|  |TAMS 0x00000000a4200000, 0x00000000a4100000| Untracked 
|  66|0x00000000a4200000, 0x00000000a4300000, 0x00000000a4300000|100%|HS|  |TAMS 0x00000000a4200000, 0x00000000a4200000| Complete 
|  67|0x00000000a4300000, 0x00000000a4300000, 0x00000000a4400000|  0%| F|  |TAMS 0x00000000a4300000, 0x00000000a4300000| Untracked 
|  68|0x00000000a4400000, 0x00000000a4400000, 0x00000000a4500000|  0%| F|  |TAMS 0x00000000a4400000, 0x00000000a4400000| Untracked 
|  69|0x00000000a4500000, 0x00000000a4500000, 0x00000000a4600000|  0%| F|  |TAMS 0x00000000a4500000, 0x00000000a4500000| Untracked 
|  70|0x00000000a4600000, 0x00000000a4600000, 0x00000000a4700000|  0%| F|  |TAMS 0x00000000a4600000, 0x00000000a4600000| Untracked 
|  71|0x00000000a4700000, 0x00000000a4800000, 0x00000000a4800000|100%| O|  |TAMS 0x00000000a4800000, 0x00000000a4700000| Untracked 
|  72|0x00000000a4800000, 0x00000000a4900000, 0x00000000a4900000|100%| O|  |TAMS 0x00000000a4900000, 0x00000000a4800000| Untracked 
|  73|0x00000000a4900000, 0x00000000a4a00000, 0x00000000a4a00000|100%| O|  |TAMS 0x00000000a4a00000, 0x00000000a4900000| Untracked 
|  74|0x00000000a4a00000, 0x00000000a4b00000, 0x00000000a4b00000|100%| O|  |TAMS 0x00000000a4ad6800, 0x00000000a4a00000| Untracked 
|  75|0x00000000a4b00000, 0x00000000a4b00000, 0x00000000a4c00000|  0%| F|  |TAMS 0x00000000a4b00000, 0x00000000a4b00000| Untracked 
|  76|0x00000000a4c00000, 0x00000000a4c00000, 0x00000000a4d00000|  0%| F|  |TAMS 0x00000000a4c00000, 0x00000000a4c00000| Untracked 
|  77|0x00000000a4d00000, 0x00000000a4d00000, 0x00000000a4e00000|  0%| F|  |TAMS 0x00000000a4d00000, 0x00000000a4d00000| Untracked 
|  78|0x00000000a4e00000, 0x00000000a4e00000, 0x00000000a4f00000|  0%| F|  |TAMS 0x00000000a4e00000, 0x00000000a4e00000| Untracked 
|  79|0x00000000a4f00000, 0x00000000a4f00000, 0x00000000a5000000|  0%| F|  |TAMS 0x00000000a4f00000, 0x00000000a4f00000| Untracked 
|  80|0x00000000a5000000, 0x00000000a5000000, 0x00000000a5100000|  0%| F|  |TAMS 0x00000000a5000000, 0x00000000a5000000| Untracked 
|  81|0x00000000a5100000, 0x00000000a5100000, 0x00000000a5200000|  0%| F|  |TAMS 0x00000000a5100000, 0x00000000a5100000| Untracked 
|  82|0x00000000a5200000, 0x00000000a5200000, 0x00000000a5300000|  0%| F|  |TAMS 0x00000000a5200000, 0x00000000a5200000| Untracked 
|  83|0x00000000a5300000, 0x00000000a5300000, 0x00000000a5400000|  0%| F|  |TAMS 0x00000000a5300000, 0x00000000a5300000| Untracked 
|  84|0x00000000a5400000, 0x00000000a5400000, 0x00000000a5500000|  0%| F|  |TAMS 0x00000000a5400000, 0x00000000a5400000| Untracked 
|  85|0x00000000a5500000, 0x00000000a5500000, 0x00000000a5600000|  0%| F|  |TAMS 0x00000000a5500000, 0x00000000a5500000| Untracked 
|  86|0x00000000a5600000, 0x00000000a5700000, 0x00000000a5700000|100%| S|CS|TAMS 0x00000000a5600000, 0x00000000a5600000| Complete 
|  87|0x00000000a5700000, 0x00000000a5800000, 0x00000000a5800000|100%| S|CS|TAMS 0x00000000a5700000, 0x00000000a5700000| Complete 
|  88|0x00000000a5800000, 0x00000000a5900000, 0x00000000a5900000|100%| S|CS|TAMS 0x00000000a5800000, 0x00000000a5800000| Complete 
|  89|0x00000000a5900000, 0x00000000a5a00000, 0x00000000a5a00000|100%| S|CS|TAMS 0x00000000a5900000, 0x00000000a5900000| Complete 
|  90|0x00000000a5a00000, 0x00000000a5a00000, 0x00000000a5b00000|  0%| F|  |TAMS 0x00000000a5a00000, 0x00000000a5a00000| Untracked 
|  91|0x00000000a5b00000, 0x00000000a5b00000, 0x00000000a5c00000|  0%| F|  |TAMS 0x00000000a5b00000, 0x00000000a5b00000| Untracked 
|  92|0x00000000a5c00000, 0x00000000a5c00000, 0x00000000a5d00000|  0%| F|  |TAMS 0x00000000a5c00000, 0x00000000a5c00000| Untracked 
|  93|0x00000000a5d00000, 0x00000000a5d00000, 0x00000000a5e00000|  0%| F|  |TAMS 0x00000000a5d00000, 0x00000000a5d00000| Untracked 
|  94|0x00000000a5e00000, 0x00000000a5e00000, 0x00000000a5f00000|  0%| F|  |TAMS 0x00000000a5e00000, 0x00000000a5e00000| Untracked 
|  95|0x00000000a5f00000, 0x00000000a5f00000, 0x00000000a6000000|  0%| F|  |TAMS 0x00000000a5f00000, 0x00000000a5f00000| Untracked 
|  96|0x00000000a6000000, 0x00000000a6000000, 0x00000000a6100000|  0%| F|  |TAMS 0x00000000a6000000, 0x00000000a6000000| Untracked 
|  97|0x00000000a6100000, 0x00000000a6100000, 0x00000000a6200000|  0%| F|  |TAMS 0x00000000a6100000, 0x00000000a6100000| Untracked 
|  98|0x00000000a6200000, 0x00000000a6200000, 0x00000000a6300000|  0%| F|  |TAMS 0x00000000a6200000, 0x00000000a6200000| Untracked 
|  99|0x00000000a6300000, 0x00000000a6300000, 0x00000000a6400000|  0%| F|  |TAMS 0x00000000a6300000, 0x00000000a6300000| Untracked 
| 100|0x00000000a6400000, 0x00000000a6400000, 0x00000000a6500000|  0%| F|  |TAMS 0x00000000a6400000, 0x00000000a6400000| Untracked 
| 101|0x00000000a6500000, 0x00000000a6500000, 0x00000000a6600000|  0%| F|  |TAMS 0x00000000a6500000, 0x00000000a6500000| Untracked 
| 102|0x00000000a6600000, 0x00000000a6600000, 0x00000000a6700000|  0%| F|  |TAMS 0x00000000a6600000, 0x00000000a6600000| Untracked 
| 103|0x00000000a6700000, 0x00000000a6700000, 0x00000000a6800000|  0%| F|  |TAMS 0x00000000a6700000, 0x00000000a6700000| Untracked 
| 104|0x00000000a6800000, 0x00000000a6800000, 0x00000000a6900000|  0%| F|  |TAMS 0x00000000a6800000, 0x00000000a6800000| Untracked 
| 105|0x00000000a6900000, 0x00000000a6900000, 0x00000000a6a00000|  0%| F|  |TAMS 0x00000000a6900000, 0x00000000a6900000| Untracked 
| 106|0x00000000a6a00000, 0x00000000a6a00000, 0x00000000a6b00000|  0%| F|  |TAMS 0x00000000a6a00000, 0x00000000a6a00000| Untracked 
| 107|0x00000000a6b00000, 0x00000000a6b00000, 0x00000000a6c00000|  0%| F|  |TAMS 0x00000000a6b00000, 0x00000000a6b00000| Untracked 
| 108|0x00000000a6c00000, 0x00000000a6c00000, 0x00000000a6d00000|  0%| F|  |TAMS 0x00000000a6c00000, 0x00000000a6c00000| Untracked 
| 109|0x00000000a6d00000, 0x00000000a6d00000, 0x00000000a6e00000|  0%| F|  |TAMS 0x00000000a6d00000, 0x00000000a6d00000| Untracked 
| 110|0x00000000a6e00000, 0x00000000a6e00000, 0x00000000a6f00000|  0%| F|  |TAMS 0x00000000a6e00000, 0x00000000a6e00000| Untracked 
| 111|0x00000000a6f00000, 0x00000000a6f00000, 0x00000000a7000000|  0%| F|  |TAMS 0x00000000a6f00000, 0x00000000a6f00000| Untracked 
| 112|0x00000000a7000000, 0x00000000a7000000, 0x00000000a7100000|  0%| F|  |TAMS 0x00000000a7000000, 0x00000000a7000000| Untracked 
| 113|0x00000000a7100000, 0x00000000a7100000, 0x00000000a7200000|  0%| F|  |TAMS 0x00000000a7100000, 0x00000000a7100000| Untracked 
| 114|0x00000000a7200000, 0x00000000a72ff1f8, 0x00000000a7300000| 99%| E|  |TAMS 0x00000000a7200000, 0x00000000a7200000| Complete 
| 115|0x00000000a7300000, 0x00000000a7400000, 0x00000000a7400000|100%| E|CS|TAMS 0x00000000a7300000, 0x00000000a7300000| Complete 
| 116|0x00000000a7400000, 0x00000000a7500000, 0x00000000a7500000|100%| E|CS|TAMS 0x00000000a7400000, 0x00000000a7400000| Complete 
| 117|0x00000000a7500000, 0x00000000a7600000, 0x00000000a7600000|100%| E|CS|TAMS 0x00000000a7500000, 0x00000000a7500000| Complete 
| 118|0x00000000a7600000, 0x00000000a7700000, 0x00000000a7700000|100%| E|CS|TAMS 0x00000000a7600000, 0x00000000a7600000| Complete 
| 119|0x00000000a7700000, 0x00000000a7800000, 0x00000000a7800000|100%| E|CS|TAMS 0x00000000a7700000, 0x00000000a7700000| Complete 
| 125|0x00000000a7d00000, 0x00000000a7e00000, 0x00000000a7e00000|100%| E|CS|TAMS 0x00000000a7d00000, 0x00000000a7d00000| Complete 
|1533|0x00000000ffd00000, 0x00000000ffe00000, 0x00000000ffe00000|100%| O|  |TAMS 0x00000000ffe00000, 0x00000000ffd00000| Untracked 
|1534|0x00000000ffe00000, 0x00000000fff00000, 0x00000000fff00000|100%| O|  |TAMS 0x00000000fff00000, 0x00000000ffe00000| Untracked 
|1535|0x00000000fff00000, 0x0000000100000000, 0x0000000100000000|100%| O|  |TAMS 0x0000000100000000, 0x00000000fff00000| Untracked 

Card table byte_map: [0x000001c37dce0000,0x000001c37dfe0000] _byte_map_base: 0x000001c37d7e0000

Marking Bits (Prev, Next): (CMBitMap*) 0x000001c375b7f680, (CMBitMap*) 0x000001c375b7f6c0
 Prev Bits: [0x000001c37e2e0000, 0x000001c37fae0000)
 Next Bits: [0x000001c30f000000, 0x000001c310800000)

Polling page: 0x000001c373960000

Metaspace:

Usage:
  Non-class:     51.29 MB used.
      Class:      8.21 MB used.
       Both:     59.49 MB used.

Virtual space:
  Non-class space:       64.00 MB reserved,      51.69 MB ( 81%) committed,  1 nodes.
      Class space:      416.00 MB reserved,       8.56 MB (  2%) committed,  1 nodes.
             Both:      480.00 MB reserved,      60.25 MB ( 13%) committed. 

Chunk freelists:
   Non-Class:  12.04 MB
       Class:  7.50 MB
        Both:  19.54 MB

MaxMetaspaceSize: 512.00 MB
CompressedClassSpaceSize: 416.00 MB
Initial GC threshold: 21.00 MB
Current GC threshold: 91.69 MB
CDS: on
MetaspaceReclaimPolicy: balanced
 - commit_granule_bytes: 65536.
 - commit_granule_words: 8192.
 - virtual_space_node_default_size: 8388608.
 - enlarge_chunks_in_place: 1.
 - new_chunks_are_fully_committed: 0.
 - uncommit_free_chunks: 1.
 - use_allocation_guard: 0.
 - handle_deallocations: 1.


Internal statistics:

num_allocs_failed_limit: 6.
num_arena_births: 850.
num_arena_deaths: 0.
num_vsnodes_births: 2.
num_vsnodes_deaths: 0.
num_space_committed: 964.
num_space_uncommitted: 0.
num_chunks_returned_to_freelist: 6.
num_chunks_taken_from_freelist: 3339.
num_chunk_merges: 6.
num_chunk_splits: 2193.
num_chunks_enlarged: 1462.
num_inconsistent_stats: 0.

CodeHeap 'non-profiled nmethods': size=120000Kb used=3722Kb max_used=3722Kb free=116277Kb
 bounds [0x000001c307ad0000, 0x000001c307e80000, 0x000001c30f000000]
CodeHeap 'profiled nmethods': size=120000Kb used=14660Kb max_used=14660Kb free=105339Kb
 bounds [0x000001c300000000, 0x000001c300e60000, 0x000001c307530000]
CodeHeap 'non-nmethods': size=5760Kb used=1667Kb max_used=1727Kb free=4092Kb
 bounds [0x000001c307530000, 0x000001c3077a0000, 0x000001c307ad0000]
 total_blobs=8513 nmethods=7770 adapters=655
 compilation: enabled
              stopped_count=0, restarted_count=0
 full_count=0

Compilation events (20 events):
Event: 15.106 Thread 0x000001c312ddfc90 8733  s    2       java.util.Hashtable::put (104 bytes)
Event: 15.106 Thread 0x000001c312ddfc90 nmethod 8733 0x000001c300e47f10 code [0x000001c300e48100, 0x000001c300e485d8]
Event: 15.106 Thread 0x000001c312ddfc90 8734       2       java.util.Hashtable::addEntry (87 bytes)
Event: 15.106 Thread 0x000001c312ddfc90 nmethod 8734 0x000001c300e48810 code [0x000001c300e489e0, 0x000001c300e48e58]
Event: 15.106 Thread 0x000001c312ddfc90 8738  s    3       java.util.Hashtable::get (69 bytes)
Event: 15.107 Thread 0x000001c312ddfc90 nmethod 8738 0x000001c300e49010 code [0x000001c300e49200, 0x000001c300e49738]
Event: 15.107 Thread 0x000001c312ddfc90 8735       2       java.util.Hashtable$Entry::<init> (26 bytes)
Event: 15.107 Thread 0x000001c312ddfc90 nmethod 8735 0x000001c300e49910 code [0x000001c300e49ac0, 0x000001c300e49cd8]
Event: 15.107 Thread 0x000001c312ddfc90 8736       2       sun.security.util.SignatureFileVerifier::updateSigners (132 bytes)
Event: 15.107 Thread 0x000001c312ddfc90 nmethod 8736 0x000001c300e49d90 code [0x000001c300e49fe0, 0x000001c300e4a758]
Event: 15.107 Thread 0x000001c312ddfc90 8737       2       sun.security.util.SignatureFileVerifier::matches (93 bytes)
Event: 15.108 Thread 0x000001c312ddfc90 nmethod 8737 0x000001c300e4ac90 code [0x000001c300e4aea0, 0x000001c300e4b358]
Event: 15.108 Thread 0x000001c312ddfc90 8742       2       java.security.Provider::putPropertyStrings (214 bytes)
Event: 15.108 Thread 0x000001c312ddfc90 nmethod 8742 0x000001c300e4b610 code [0x000001c300e4b9a0, 0x000001c300e4c658]
Event: 15.109 Thread 0x000001c312ddfc90 8740   !   2       java.security.Provider::putService (244 bytes)
Event: 15.109 Thread 0x000001c312ddfc90 nmethod 8740 0x000001c300e4ce90 code [0x000001c300e4d180, 0x000001c300e4dca8]
Event: 15.109 Thread 0x000001c312ddfc90 8739       2       sun.security.util.SecurityProviderConstants::getAliases (65 bytes)
Event: 15.110 Thread 0x000001c312ddfc90 nmethod 8739 0x000001c300e4e310 code [0x000001c300e4e540, 0x000001c300e4e9e8]
Event: 15.110 Thread 0x000001c312ddfc90 8741       2       java.security.Provider::check (18 bytes)
Event: 15.110 Thread 0x000001c312ddfc90 nmethod 8741 0x000001c300e4ec10 code [0x000001c300e4ede0, 0x000001c300e4f108]

GC Heap History (20 events):
Event: 11.376 GC heap before
{Heap before GC invocations=20 (full 0):
 garbage-first heap   total 89088K, used 69654K [0x00000000a0000000, 0x0000000100000000)
  region size 1024K, 23 young (23552K), 1 survivors (1024K)
 Metaspace       used 51958K, committed 52544K, reserved 491520K
  class space    used 7266K, committed 7552K, reserved 425984K
}
Event: 11.379 GC heap after
{Heap after GC invocations=21 (full 0):
 garbage-first heap   total 107520K, used 50424K [0x00000000a0000000, 0x0000000100000000)
  region size 1024K, 3 young (3072K), 3 survivors (3072K)
 Metaspace       used 51958K, committed 52544K, reserved 491520K
  class space    used 7266K, committed 7552K, reserved 425984K
}
Event: 11.729 GC heap before
{Heap before GC invocations=22 (full 0):
 garbage-first heap   total 107520K, used 83192K [0x00000000a0000000, 0x0000000100000000)
  region size 1024K, 36 young (36864K), 3 survivors (3072K)
 Metaspace       used 51964K, committed 52544K, reserved 491520K
  class space    used 7266K, committed 7552K, reserved 425984K
}
Event: 11.733 GC heap after
{Heap after GC invocations=23 (full 0):
 garbage-first heap   total 107520K, used 51538K [0x00000000a0000000, 0x0000000100000000)
  region size 1024K, 4 young (4096K), 4 survivors (4096K)
 Metaspace       used 51964K, committed 52544K, reserved 491520K
  class space    used 7266K, committed 7552K, reserved 425984K
}
Event: 11.741 GC heap before
{Heap before GC invocations=23 (full 0):
 garbage-first heap   total 107520K, used 52562K [0x00000000a0000000, 0x0000000100000000)
  region size 1024K, 5 young (5120K), 4 survivors (4096K)
 Metaspace       used 51964K, committed 52544K, reserved 491520K
  class space    used 7266K, committed 7552K, reserved 425984K
}
Event: 11.744 GC heap after
{Heap after GC invocations=24 (full 0):
 garbage-first heap   total 107520K, used 50782K [0x00000000a0000000, 0x0000000100000000)
  region size 1024K, 1 young (1024K), 1 survivors (1024K)
 Metaspace       used 51964K, committed 52544K, reserved 491520K
  class space    used 7266K, committed 7552K, reserved 425984K
}
Event: 11.980 GC heap before
{Heap before GC invocations=24 (full 0):
 garbage-first heap   total 107520K, used 67166K [0x00000000a0000000, 0x0000000100000000)
  region size 1024K, 18 young (18432K), 1 survivors (1024K)
 Metaspace       used 52129K, committed 52736K, reserved 491520K
  class space    used 7289K, committed 7552K, reserved 425984K
}
Event: 11.983 GC heap after
{Heap after GC invocations=25 (full 0):
 garbage-first heap   total 107520K, used 52683K [0x00000000a0000000, 0x0000000100000000)
  region size 1024K, 3 young (3072K), 3 survivors (3072K)
 Metaspace       used 52129K, committed 52736K, reserved 491520K
  class space    used 7289K, committed 7552K, reserved 425984K
}
Event: 13.202 GC heap before
{Heap before GC invocations=26 (full 0):
 garbage-first heap   total 107520K, used 96715K [0x00000000a0000000, 0x0000000100000000)
  region size 1024K, 34 young (34816K), 3 survivors (3072K)
 Metaspace       used 53758K, committed 54336K, reserved 491520K
  class space    used 7504K, committed 7744K, reserved 425984K
}
Event: 13.206 GC heap after
{Heap after GC invocations=27 (full 0):
 garbage-first heap   total 110592K, used 73779K [0x00000000a0000000, 0x0000000100000000)
  region size 1024K, 5 young (5120K), 5 survivors (5120K)
 Metaspace       used 53758K, committed 54336K, reserved 491520K
  class space    used 7504K, committed 7744K, reserved 425984K
}
Event: 13.220 GC heap before
{Heap before GC invocations=27 (full 0):
 garbage-first heap   total 110592K, used 74803K [0x00000000a0000000, 0x0000000100000000)
  region size 1024K, 6 young (6144K), 5 survivors (5120K)
 Metaspace       used 53811K, committed 54400K, reserved 491520K
  class space    used 7508K, committed 7744K, reserved 425984K
}
Event: 13.224 GC heap after
{Heap after GC invocations=28 (full 0):
 garbage-first heap   total 110592K, used 71951K [0x00000000a0000000, 0x0000000100000000)
  region size 1024K, 1 young (1024K), 1 survivors (1024K)
 Metaspace       used 53811K, committed 54400K, reserved 491520K
  class space    used 7508K, committed 7744K, reserved 425984K
}
Event: 13.493 GC heap before
{Heap before GC invocations=28 (full 0):
 garbage-first heap   total 110592K, used 90383K [0x00000000a0000000, 0x0000000100000000)
  region size 1024K, 19 young (19456K), 1 survivors (1024K)
 Metaspace       used 55436K, committed 56064K, reserved 491520K
  class space    used 7713K, committed 8000K, reserved 425984K
}
Event: 13.494 GC heap after
{Heap after GC invocations=29 (full 0):
 garbage-first heap   total 110592K, used 72393K [0x00000000a0000000, 0x0000000100000000)
  region size 1024K, 1 young (1024K), 1 survivors (1024K)
 Metaspace       used 55436K, committed 56064K, reserved 491520K
  class space    used 7713K, committed 8000K, reserved 425984K
}
Event: 13.749 GC heap before
{Heap before GC invocations=30 (full 0):
 garbage-first heap   total 126976K, used 90825K [0x00000000a0000000, 0x0000000100000000)
  region size 1024K, 20 young (20480K), 1 survivors (1024K)
 Metaspace       used 57348K, committed 58048K, reserved 491520K
  class space    used 7914K, committed 8256K, reserved 425984K
}
Event: 13.750 GC heap after
{Heap after GC invocations=31 (full 0):
 garbage-first heap   total 126976K, used 72687K [0x00000000a0000000, 0x0000000100000000)
  region size 1024K, 2 young (2048K), 2 survivors (2048K)
 Metaspace       used 57348K, committed 58048K, reserved 491520K
  class space    used 7914K, committed 8256K, reserved 425984K
}
Event: 14.001 GC heap before
{Heap before GC invocations=31 (full 0):
 garbage-first heap   total 126976K, used 76783K [0x00000000a0000000, 0x0000000100000000)
  region size 1024K, 6 young (6144K), 2 survivors (2048K)
 Metaspace       used 57670K, committed 58368K, reserved 491520K
  class space    used 7962K, committed 8320K, reserved 425984K
}
Event: 14.003 GC heap after
{Heap after GC invocations=32 (full 0):
 garbage-first heap   total 126976K, used 71871K [0x00000000a0000000, 0x0000000100000000)
  region size 1024K, 1 young (1024K), 1 survivors (1024K)
 Metaspace       used 57670K, committed 58368K, reserved 491520K
  class space    used 7962K, committed 8320K, reserved 425984K
}
Event: 15.147 GC heap before
{Heap before GC invocations=32 (full 0):
 garbage-first heap   total 126976K, used 103615K [0x00000000a0000000, 0x0000000100000000)
  region size 1024K, 31 young (31744K), 1 survivors (1024K)
 Metaspace       used 60916K, committed 61632K, reserved 491520K
  class space    used 8404K, committed 8704K, reserved 425984K
}
Event: 15.150 GC heap after
{Heap after GC invocations=33 (full 0):
 garbage-first heap   total 126976K, used 76656K [0x00000000a0000000, 0x0000000100000000)
  region size 1024K, 4 young (4096K), 4 survivors (4096K)
 Metaspace       used 60916K, committed 61632K, reserved 491520K
  class space    used 8404K, committed 8704K, reserved 425984K
}

Dll operation events (15 events):
Event: 0.013 Loaded shared library C:\Program Files\Eclipse Adoptium\jdk-17.0.17.10-hotspot\bin\java.dll
Event: 0.047 Loaded shared library C:\Program Files\Eclipse Adoptium\jdk-17.0.17.10-hotspot\bin\jsvml.dll
Event: 0.092 Loaded shared library C:\Program Files\Eclipse Adoptium\jdk-17.0.17.10-hotspot\bin\zip.dll
Event: 0.096 Loaded shared library C:\Program Files\Eclipse Adoptium\jdk-17.0.17.10-hotspot\bin\instrument.dll
Event: 0.110 Loaded shared library C:\Program Files\Eclipse Adoptium\jdk-17.0.17.10-hotspot\bin\net.dll
Event: 0.112 Loaded shared library C:\Program Files\Eclipse Adoptium\jdk-17.0.17.10-hotspot\bin\nio.dll
Event: 0.114 Loaded shared library C:\Program Files\Eclipse Adoptium\jdk-17.0.17.10-hotspot\bin\zip.dll
Event: 0.338 Loaded shared library C:\Program Files\Eclipse Adoptium\jdk-17.0.17.10-hotspot\bin\jimage.dll
Event: 0.458 Loaded shared library C:\Program Files\Eclipse Adoptium\jdk-17.0.17.10-hotspot\bin\verify.dll
Event: 0.533 Loaded shared library C:\Users\youbitech\.gradle\native\1def1411415f61bf3af743bc5b6707747c0891f09f0c88961ee8f79bc544acac\windows-amd64\native-platform.dll
Event: 0.545 Loaded shared library C:\Users\youbitech\.gradle\native\0.2.7\x86_64-windows-gnu\gradle-fileevents.dll
Event: 2.138 Loaded shared library C:\Program Files\Eclipse Adoptium\jdk-17.0.17.10-hotspot\bin\management.dll
Event: 2.141 Loaded shared library C:\Program Files\Eclipse Adoptium\jdk-17.0.17.10-hotspot\bin\management_ext.dll
Event: 2.432 Loaded shared library C:\Program Files\Eclipse Adoptium\jdk-17.0.17.10-hotspot\bin\extnet.dll
Event: 2.746 Loaded shared library C:\Program Files\Eclipse Adoptium\jdk-17.0.17.10-hotspot\bin\sunmscapi.dll

Deoptimization events (20 events):
Event: 15.108 Thread 0x000001c3329d4ad0 Uncommon trap: trap_request=0xffffff45 fr.pc=0x000001c307d6bf1c relative=0x00000000000029fc
Event: 15.108 Thread 0x000001c3329d4ad0 Uncommon trap: reason=unstable_if action=reinterpret pc=0x000001c307d6bf1c method=java.security.CodeSource.<init>(Ljava/net/URL;[Ljava/security/CodeSigner;)V @ 37 c2
Event: 15.108 Thread 0x000001c3329d4ad0 DEOPT PACKING pc=0x000001c307d6bf1c sp=0x000000ab22bf2eb0
Event: 15.108 Thread 0x000001c3329d4ad0 DEOPT UNPACKING pc=0x000001c3075869a3 sp=0x000000ab22bf2ec8 mode 2
Event: 15.108 Thread 0x000001c3329d4ad0 Uncommon trap: trap_request=0xffffff45 fr.pc=0x000001c307c4b614 relative=0x0000000000000074
Event: 15.108 Thread 0x000001c3329d4ad0 Uncommon trap: reason=unstable_if action=reinterpret pc=0x000001c307c4b614 method=java.security.CodeSource.getCertificates()[Ljava/security/cert/Certificate; @ 22 c2
Event: 15.108 Thread 0x000001c3329d4ad0 DEOPT PACKING pc=0x000001c307c4b614 sp=0x000000ab22bf2c60
Event: 15.108 Thread 0x000001c3329d4ad0 DEOPT UNPACKING pc=0x000001c3075869a3 sp=0x000000ab22bf2be8 mode 2
Event: 15.112 Thread 0x000001c3329d4ad0 Uncommon trap: trap_request=0xffffff45 fr.pc=0x000001c307d5ba68 relative=0x00000000000000c8
Event: 15.112 Thread 0x000001c3329d4ad0 Uncommon trap: reason=unstable_if action=reinterpret pc=0x000001c307d5ba68 method=java.util.jar.JarFile.maybeInstantiateVerifier()V @ 4 c2
Event: 15.112 Thread 0x000001c3329d4ad0 DEOPT PACKING pc=0x000001c307d5ba68 sp=0x000000ab22bf14b0
Event: 15.112 Thread 0x000001c3329d4ad0 DEOPT UNPACKING pc=0x000001c3075869a3 sp=0x000000ab22bf13e0 mode 2
Event: 15.161 Thread 0x000001c3329d4ad0 Uncommon trap: trap_request=0xffffff45 fr.pc=0x000001c307bb5d8c relative=0x00000000000002cc
Event: 15.161 Thread 0x000001c3329d4ad0 Uncommon trap: reason=unstable_if action=reinterpret pc=0x000001c307bb5d8c method=java.util.LinkedHashMap.get(Ljava/lang/Object;)Ljava/lang/Object; @ 16 c2
Event: 15.161 Thread 0x000001c3329d4ad0 DEOPT PACKING pc=0x000001c307bb5d8c sp=0x000000ab22bf26e0
Event: 15.162 Thread 0x000001c3329d4ad0 DEOPT UNPACKING pc=0x000001c3075869a3 sp=0x000000ab22bf2698 mode 2
Event: 15.162 Thread 0x000001c3329d4ad0 Uncommon trap: trap_request=0xffffff45 fr.pc=0x000001c307bbc580 relative=0x0000000000000060
Event: 15.162 Thread 0x000001c3329d4ad0 Uncommon trap: reason=unstable_if action=reinterpret pc=0x000001c307bbc580 method=java.util.LinkedHashMap.afterNodeAccess(Ljava/util/HashMap$Node;)V @ 4 c2
Event: 15.162 Thread 0x000001c3329d4ad0 DEOPT PACKING pc=0x000001c307bbc580 sp=0x000000ab22bf2680
Event: 15.162 Thread 0x000001c3329d4ad0 DEOPT UNPACKING pc=0x000001c3075869a3 sp=0x000000ab22bf2600 mode 2

Classes loaded (20 events):
Event: 15.103 Loading class java/security/interfaces/ECKey
Event: 15.103 Loading class java/security/interfaces/ECKey done
Event: 15.103 Loading class java/security/interfaces/XECKey
Event: 15.103 Loading class java/security/interfaces/XECKey done
Event: 15.103 Loading class sun/security/util/KeyUtil
Event: 15.104 Loading class sun/security/util/KeyUtil done
Event: 15.104 Loading class sun/security/util/Length
Event: 15.104 Loading class sun/security/util/Length done
Event: 15.104 Loading class javax/crypto/SecretKey
Event: 15.104 Loading class javax/crypto/SecretKey done
Event: 15.105 Loading class java/util/Base64
Event: 15.105 Loading class java/util/Base64 done
Event: 15.105 Loading class java/util/Base64$Decoder
Event: 15.105 Loading class java/util/Base64$Decoder done
Event: 15.105 Loading class java/util/Base64$Encoder
Event: 15.106 Loading class java/util/Base64$Encoder done
Event: 15.106 Loading class java/util/jar/JarVerifier$VerifierStream
Event: 15.107 Loading class java/util/jar/JarVerifier$VerifierStream done
Event: 15.107 Loading class sun/security/util/ManifestEntryVerifier$SunProviderHolder
Event: 15.107 Loading class sun/security/util/ManifestEntryVerifier$SunProviderHolder done

Classes unloaded (0 events):
No events

Classes redefined (0 events):
No events

Internal exceptions (20 events):
Event: 9.232 Thread 0x000001c3329d4ad0 Exception <a 'java/lang/NoSuchMethodError'{0x00000000a518cef8}: 'void java.lang.invoke.DirectMethodHandle$Holder.invokeSpecial(java.lang.Object, java.lang.Object, java.lang.Object, int)'> (0x00000000a518cef8) 
thrown [s\src\hotspot\share\interpreter\linkResolver.cpp, line 759]
Event: 9.336 Thread 0x000001c3329d4ad0 Exception <a 'java/lang/NoSuchMethodError'{0x00000000a4c2b080}: 'int java.lang.invoke.DirectMethodHandle$Holder.invokeSpecialIFC(java.lang.Object, java.lang.Object, java.lang.Object)'> (0x00000000a4c2b080) 
thrown [s\src\hotspot\share\interpreter\linkResolver.cpp, line 759]
Event: 9.424 Thread 0x000001c3329d4ad0 Exception <a 'java/lang/NoSuchMethodError'{0x00000000a48000a0}: 'void java.lang.invoke.DirectMethodHandle$Holder.invokeStatic(java.lang.Object, java.lang.Object, java.lang.Object, int, java.lang.Object)'> (0x00000000a48000a0) 
thrown [s\src\hotspot\share\interpreter\linkResolver.cpp, line 759]
Event: 10.233 Thread 0x000001c3329d4ad0 Exception <a 'java/lang/IncompatibleClassChangeError'{0x00000000a3a93030}: Found class java.lang.Object, but interface was expected> (0x00000000a3a93030) 
thrown [s\src\hotspot\share\interpreter\linkResolver.cpp, line 826]
Event: 10.346 Thread 0x000001c3329d4ad0 Exception <a 'java/lang/NoSuchMethodError'{0x00000000a57c5068}: 'java.lang.Object java.lang.invoke.DirectMethodHandle$Holder.newInvokeSpecial(java.lang.Object, java.lang.Object, java.lang.Object, java.lang.Object, int, java.lang.Object)'> (0x00000000a57c5068) 
thrown [s\src\hotspot\share\interpreter\linkResolver.cpp, line 759]
Event: 10.347 Thread 0x000001c3329d4ad0 Exception <a 'java/lang/NoSuchMethodError'{0x00000000a57cdef8}: 'java.lang.Object java.lang.invoke.Invokers$Holder.linkToTargetMethod(java.lang.Object, java.lang.Object, java.lang.Object, int, java.lang.Object, java.lang.Object)'> (0x00000000a57cdef8) 
thrown [s\src\hotspot\share\interpreter\linkResolver.cpp, line 759]
Event: 10.799 Thread 0x000001c3329d4ad0 Exception <a 'java/lang/NoSuchMethodError'{0x00000000a4d3efe8}: 'java.lang.Object java.lang.invoke.DirectMethodHandle$Holder.invokeSpecialIFC(java.lang.Object, java.lang.Object, java.lang.Object)'> (0x00000000a4d3efe8) 
thrown [s\src\hotspot\share\interpreter\linkResolver.cpp, line 759]
Event: 11.961 Thread 0x000001c3329d4ad0 Implicit null exception at 0x000001c307b9590f to 0x000001c307b95f88
Event: 11.962 Thread 0x000001c3329d4ad0 Implicit null exception at 0x000001c307b08414 to 0x000001c307b08a88
Event: 12.697 Thread 0x000001c3329d4ad0 Exception <a 'java/lang/NoSuchMethodError'{0x00000000a651ff38}: 'void java.lang.invoke.Invokers$Holder.invoke_MT(java.lang.Object, java.lang.Object, java.lang.Object, java.lang.Object)'> (0x00000000a651ff38) 
thrown [s\src\hotspot\share\interpreter\linkResolver.cpp, line 759]
Event: 12.703 Thread 0x000001c3329d4ad0 Exception <a 'java/lang/NoSuchMethodError'{0x00000000a65b0fd8}: 'java.lang.Object java.lang.invoke.DirectMethodHandle$Holder.invokeStaticInit(java.lang.Object, java.lang.Object, java.lang.Object, java.lang.Object, java.lang.Object, java.lang.Object, java.lang.Object)'> (0x00000000a65b0fd8) 
thrown [s\src\hotspot\share\interpreter\linkResolver.cpp, line 759]
Event: 12.707 Thread 0x000001c3329d4ad0 Exception <a 'java/lang/NoSuchMethodError'{0x00000000a65dab60}: 'java.lang.Object java.lang.invoke.DirectMethodHandle$Holder.invokeSpecial(java.lang.Object, java.lang.Object, java.lang.Object, int, java.lang.Object, java.lang.Object)'> (0x00000000a65dab60) 
thrown [s\src\hotspot\share\interpreter\linkResolver.cpp, line 759]
Event: 12.945 Thread 0x000001c3329d4ad0 Exception <a 'java/lang/ClassNotFoundException'{0x00000000a5b8fde8}: sun/misc/SharedSecrets> (0x00000000a5b8fde8) 
thrown [s\src\hotspot\share\classfile\systemDictionary.cpp, line 256]
Event: 12.945 Thread 0x000001c3329d4ad0 Exception <a 'java/lang/ClassNotFoundException'{0x00000000a5b913c0}: org/gradle/api/internal/plugins/DefaultObjectConfigurationActionBeanInfo> (0x00000000a5b913c0) 
thrown [s\src\hotspot\share\classfile\systemDictionary.cpp, line 256]
Event: 12.946 Thread 0x000001c3329d4ad0 Exception <a 'java/lang/ClassNotFoundException'{0x00000000a5ba70b8}: org/gradle/api/internal/plugins/DefaultObjectConfigurationActionCustomizer> (0x00000000a5ba70b8) 
thrown [s\src\hotspot\share\classfile\systemDictionary.cpp, line 256]
Event: 13.342 Thread 0x000001c3329d4ad0 Exception <a 'java/lang/NoSuchMethodError'{0x00000000a5f330e0}: 'java.lang.Object java.lang.invoke.DirectMethodHandle$Holder.invokeSpecial(java.lang.Object, java.lang.Object, long, java.lang.Object, java.lang.Object, java.lang.Object, java.lang.Object, java.lang.Object, java.lang.Object, java.lang.Object, java.lang.Object, java.lang.Object)'> (0x00000000a5f330e0) 
thrown [s\src\hotspot\share\interpreter\linkResolver.cpp, line 759]
Event: 13.343 Thread 0x000001c3329d4ad0 Exception <a 'java/lang/NoSuchMethodError'{0x00000000a5f388c0}: 'java.lang.Object java.lang.invoke.DelegatingMethodHandle$Holder.reinvoke_L(java.lang.Object, long, java.lang.Object, java.lang.Object, java.lang.Object, java.lang.Object, java.lang.Object, java.lang.Object, java.lang.Object, java.lang.Object, java.lang.Object)'> (0x00000000a5f388c0) 
thrown [s\src\hotspot\share\interpreter\linkResolver.cpp, line 759]
Event: 13.437 Thread 0x000001c3329d4ad0 Exception <a 'java/lang/NoSuchMethodError'{0x00000000a597ba38}: 'int java.lang.invoke.DirectMethodHandle$Holder.invokeSpecialIFC(java.lang.Object, java.lang.Object, java.lang.Object, java.lang.Object, java.lang.Object)'> (0x00000000a597ba38) 
thrown [s\src\hotspot\share\interpreter\linkResolver.cpp, line 759]
Event: 14.903 Thread 0x000001c3329d4ad0 Exception <a 'java/lang/NoSuchMethodError'{0x00000000a69494f8}: 'void java.lang.invoke.DirectMethodHandle$Holder.invokeVirtual(java.lang.Object, java.lang.Object)'> (0x00000000a69494f8) 
thrown [s\src\hotspot\share\interpreter\linkResolver.cpp, line 759]
Event: 15.048 Thread 0x000001c3329d4ad0 Implicit null exception at 0x000001c307c9392c to 0x000001c307c93a62

VM Operations (20 events):
Event: 13.537 Executing VM operation: G1PauseRemark
Event: 13.541 Executing VM operation: G1PauseRemark done
Event: 13.567 Executing VM operation: G1PauseCleanup
Event: 13.567 Executing VM operation: G1PauseCleanup done
Event: 13.749 Executing VM operation: G1CollectForAllocation
Event: 13.750 Executing VM operation: G1CollectForAllocation done
Event: 14.001 Executing VM operation: G1CollectForAllocation
Event: 14.003 Executing VM operation: G1CollectForAllocation done
Event: 14.855 Executing VM operation: HandshakeAllThreads
Event: 14.855 Executing VM operation: HandshakeAllThreads done
Event: 15.008 Executing VM operation: HandshakeAllThreads
Event: 15.008 Executing VM operation: HandshakeAllThreads done
Event: 15.008 Executing VM operation: Cleanup
Event: 15.008 Executing VM operation: Cleanup done
Event: 15.059 Executing VM operation: HandshakeAllThreads
Event: 15.059 Executing VM operation: HandshakeAllThreads done
Event: 15.060 Executing VM operation: HandshakeAllThreads
Event: 15.060 Executing VM operation: HandshakeAllThreads done
Event: 15.147 Executing VM operation: G1CollectForAllocation
Event: 15.150 Executing VM operation: G1CollectForAllocation done

Memory protections (0 events):
No events

Nmethod flushes (20 events):
Event: 8.960 Thread 0x000001c312de25b0 flushing  nmethod 0x000001c3007ab890
Event: 8.960 Thread 0x000001c312de25b0 flushing  nmethod 0x000001c3007aeb90
Event: 8.960 Thread 0x000001c312de25b0 flushing  nmethod 0x000001c3007b4990
Event: 8.961 Thread 0x000001c312de25b0 flushing  nmethod 0x000001c300815490
Event: 8.961 Thread 0x000001c312de25b0 flushing  nmethod 0x000001c30086b810
Event: 8.961 Thread 0x000001c312de25b0 flushing  nmethod 0x000001c30086ff10
Event: 8.961 Thread 0x000001c312de25b0 flushing  nmethod 0x000001c300917510
Event: 8.961 Thread 0x000001c312de25b0 flushing  nmethod 0x000001c30092de90
Event: 8.961 Thread 0x000001c312de25b0 flushing  nmethod 0x000001c300936510
Event: 8.961 Thread 0x000001c312de25b0 flushing  nmethod 0x000001c30093d890
Event: 8.961 Thread 0x000001c312de25b0 flushing  nmethod 0x000001c30093e110
Event: 8.961 Thread 0x000001c312de25b0 flushing  nmethod 0x000001c30093e410
Event: 8.961 Thread 0x000001c312de25b0 flushing  nmethod 0x000001c300945a90
Event: 8.961 Thread 0x000001c312de25b0 flushing  nmethod 0x000001c300947110
Event: 8.961 Thread 0x000001c312de25b0 flushing  nmethod 0x000001c30094f190
Event: 8.961 Thread 0x000001c312de25b0 flushing  nmethod 0x000001c30094f910
Event: 12.977 Thread 0x000001c312de25b0 flushing  nmethod 0x000001c307cea310
Event: 12.978 Thread 0x000001c312de25b0 flushing  nmethod 0x000001c300214f90
Event: 12.980 Thread 0x000001c312de25b0 flushing  nmethod 0x000001c300568d90
Event: 12.981 Thread 0x000001c312de25b0 flushing  nmethod 0x000001c3005f5990

Events (20 events):
Event: 2.846 Thread 0x000001c3329d4ad0 Thread added: 0x000001c3329d5f10
Event: 2.848 Thread 0x000001c3329d4ad0 Thread added: 0x000001c3329d7350
Event: 2.852 Thread 0x000001c3329d4ad0 Thread added: 0x000001c333a947f0
Event: 3.297 Thread 0x000001c3329d4ad0 Thread added: 0x000001c333a938c0
Event: 3.306 Thread 0x000001c3329d4ad0 Thread added: 0x000001c333a92ea0
Event: 3.345 Thread 0x000001c3329d4ad0 Thread added: 0x000001c333a984b0
Event: 4.577 Thread 0x000001c3329d4ad0 Thread added: 0x000001c333a97fa0
Event: 4.588 Thread 0x000001c3329d4ad0 Thread added: 0x000001c333a96b60
Event: 4.804 Thread 0x000001c3329d4ad0 Thread added: 0x000001c333a97070
Event: 4.811 Thread 0x000001c3329d4ad0 Thread added: 0x000001c333a96140
Event: 6.293 Thread 0x000001c3329d4ad0 Thread added: 0x000001c333a95c30
Event: 6.391 Thread 0x000001c3329d4ad0 Thread added: 0x000001c333a91a60
Event: 6.726 Thread 0x000001c3329d4ad0 Thread added: 0x000001c333a91f70
Event: 7.005 Thread 0x000001c3329d4ad0 Thread added: 0x000001c333a93dd0
Event: 7.116 Thread 0x000001c312ddfc90 Thread added: 0x000001c3347fd6c0
Event: 8.493 Thread 0x000001c3347fd6c0 Thread exited: 0x000001c3347fd6c0
Event: 10.263 Thread 0x000001c3329d4ad0 Thread added: 0x000001c333a92480
Event: 10.383 Thread 0x000001c3329d4ad0 Thread added: 0x000001c333a95210
Event: 10.800 Thread 0x000001c3329d4ad0 Thread added: 0x000001c333a95720
Event: 14.885 Thread 0x000001c3329d4ad0 Thread added: 0x000001c3329d7860


Dynamic libraries:
0x00007ff6a6b90000 - 0x00007ff6a6b9e000 	C:\Program Files\Eclipse Adoptium\jdk-17.0.17.10-hotspot\bin\java.exe
0x00007ff98e770000 - 0x00007ff98e968000 	C:\Windows\SYSTEM32\ntdll.dll
0x00007ff98d9a0000 - 0x00007ff98da62000 	C:\Windows\System32\KERNEL32.DLL
0x00007ff98be80000 - 0x00007ff98c176000 	C:\Windows\System32\KERNELBASE.dll
0x00007ff98c4b0000 - 0x00007ff98c5b0000 	C:\Windows\System32\ucrtbase.dll
0x00007ff984300000 - 0x00007ff98431e000 	C:\Program Files\Eclipse Adoptium\jdk-17.0.17.10-hotspot\bin\VCRUNTIME140.dll
0x00007ff97b850000 - 0x00007ff97b868000 	C:\Program Files\Eclipse Adoptium\jdk-17.0.17.10-hotspot\bin\jli.dll
0x00007ff98c790000 - 0x00007ff98c931000 	C:\Windows\System32\USER32.dll
0x00007ff98c6e0000 - 0x00007ff98c702000 	C:\Windows\System32\win32u.dll
0x00007ff9753b0000 - 0x00007ff97564b000 	C:\Windows\WinSxS\amd64_microsoft.windows.common-controls_6595b64144ccf1df_6.0.19041.6456_none_60b8a6cb71f64256\COMCTL32.dll
0x00007ff98e230000 - 0x00007ff98e25b000 	C:\Windows\System32\GDI32.dll
0x00007ff98c230000 - 0x00007ff98c349000 	C:\Windows\System32\gdi32full.dll
0x00007ff98c5b0000 - 0x00007ff98c64d000 	C:\Windows\System32\msvcp_win.dll
0x00007ff98e5a0000 - 0x00007ff98e63e000 	C:\Windows\System32\msvcrt.dll
0x00007ff98e640000 - 0x00007ff98e66f000 	C:\Windows\System32\IMM32.DLL
0x00007ff9757a0000 - 0x00007ff9757ac000 	C:\Program Files\Eclipse Adoptium\jdk-17.0.17.10-hotspot\bin\vcruntime140_1.dll
0x00007ff967610000 - 0x00007ff96769d000 	C:\Program Files\Eclipse Adoptium\jdk-17.0.17.10-hotspot\bin\msvcp140.dll
0x00007ff952790000 - 0x00007ff9533fb000 	C:\Program Files\Eclipse Adoptium\jdk-17.0.17.10-hotspot\bin\server\jvm.dll
0x00007ff98e670000 - 0x00007ff98e721000 	C:\Windows\System32\ADVAPI32.dll
0x00007ff98df40000 - 0x00007ff98dfdf000 	C:\Windows\System32\sechost.dll
0x00007ff98d110000 - 0x00007ff98d230000 	C:\Windows\System32\RPCRT4.dll
0x00007ff98c710000 - 0x00007ff98c737000 	C:\Windows\System32\bcrypt.dll
0x00007ff98dfe0000 - 0x00007ff98e04b000 	C:\Windows\System32\WS2_32.dll
0x00007ff98bc60000 - 0x00007ff98bcab000 	C:\Windows\SYSTEM32\POWRPROF.dll
0x00007ff95e170000 - 0x00007ff95e197000 	C:\Windows\SYSTEM32\WINMM.dll
0x00007ff986f70000 - 0x00007ff986f7a000 	C:\Windows\SYSTEM32\VERSION.dll
0x00007ff98bc40000 - 0x00007ff98bc52000 	C:\Windows\SYSTEM32\UMPDC.dll
0x00007ff989c30000 - 0x00007ff989c42000 	C:\Windows\SYSTEM32\kernel.appcore.dll
0x00007ff975790000 - 0x00007ff97579a000 	C:\Program Files\Eclipse Adoptium\jdk-17.0.17.10-hotspot\bin\jimage.dll
0x00007ff9853c0000 - 0x00007ff9855c1000 	C:\Windows\SYSTEM32\DBGHELP.DLL
0x00007ff985170000 - 0x00007ff9851a4000 	C:\Windows\SYSTEM32\dbgcore.DLL
0x00007ff98c650000 - 0x00007ff98c6d2000 	C:\Windows\System32\bcryptPrimitives.dll
0x00007ff9855f0000 - 0x00007ff9855fe000 	C:\Program Files\Eclipse Adoptium\jdk-17.0.17.10-hotspot\bin\instrument.dll
0x00007ff9675e0000 - 0x00007ff967605000 	C:\Program Files\Eclipse Adoptium\jdk-17.0.17.10-hotspot\bin\java.dll
0x00007ff967500000 - 0x00007ff9675d7000 	C:\Program Files\Eclipse Adoptium\jdk-17.0.17.10-hotspot\bin\jsvml.dll
0x00007ff98d230000 - 0x00007ff98d9a0000 	C:\Windows\System32\SHELL32.dll
0x00007ff989e30000 - 0x00007ff98a5d5000 	C:\Windows\SYSTEM32\windows.storage.dll
0x00007ff98c960000 - 0x00007ff98ccb4000 	C:\Windows\System32\combase.dll
0x00007ff98b670000 - 0x00007ff98b69b000 	C:\Windows\SYSTEM32\Wldp.dll
0x00007ff98ce30000 - 0x00007ff98cefd000 	C:\Windows\System32\OLEAUT32.dll
0x00007ff98ccc0000 - 0x00007ff98cd6d000 	C:\Windows\System32\SHCORE.dll
0x00007ff98e050000 - 0x00007ff98e0ab000 	C:\Windows\System32\shlwapi.dll
0x00007ff98bd30000 - 0x00007ff98bd54000 	C:\Windows\SYSTEM32\profapi.dll
0x00007ff96b130000 - 0x00007ff96b148000 	C:\Program Files\Eclipse Adoptium\jdk-17.0.17.10-hotspot\bin\zip.dll
0x00007ff9756f0000 - 0x00007ff97570a000 	C:\Program Files\Eclipse Adoptium\jdk-17.0.17.10-hotspot\bin\net.dll
0x00007ff984aa0000 - 0x00007ff984baa000 	C:\Windows\SYSTEM32\WINHTTP.dll
0x00007ff98b450000 - 0x00007ff98b4ba000 	C:\Windows\system32\mswsock.dll
0x00007ff974dc0000 - 0x00007ff974dd6000 	C:\Program Files\Eclipse Adoptium\jdk-17.0.17.10-hotspot\bin\nio.dll
0x00007ff966f90000 - 0x00007ff966fa0000 	C:\Program Files\Eclipse Adoptium\jdk-17.0.17.10-hotspot\bin\verify.dll
0x00007ff966c70000 - 0x00007ff966c97000 	C:\Users\youbitech\.gradle\native\1def1411415f61bf3af743bc5b6707747c0891f09f0c88961ee8f79bc544acac\windows-amd64\native-platform.dll
0x00007ff94f8d0000 - 0x00007ff94f948000 	C:\Users\youbitech\.gradle\native\0.2.7\x86_64-windows-gnu\gradle-fileevents.dll
0x00007ff966f60000 - 0x00007ff966f6a000 	C:\Program Files\Eclipse Adoptium\jdk-17.0.17.10-hotspot\bin\management.dll
0x00007ff962300000 - 0x00007ff96230c000 	C:\Program Files\Eclipse Adoptium\jdk-17.0.17.10-hotspot\bin\management_ext.dll
0x00007ff98e1a0000 - 0x00007ff98e1a8000 	C:\Windows\System32\PSAPI.DLL
0x00007ff98b150000 - 0x00007ff98b18b000 	C:\Windows\SYSTEM32\IPHLPAPI.DLL
0x00007ff98e260000 - 0x00007ff98e268000 	C:\Windows\System32\NSI.dll
0x00007ff985950000 - 0x00007ff985967000 	C:\Windows\SYSTEM32\dhcpcsvc6.DLL
0x00007ff985f70000 - 0x00007ff985f8d000 	C:\Windows\SYSTEM32\dhcpcsvc.DLL
0x00007ff98b190000 - 0x00007ff98b25a000 	C:\Windows\SYSTEM32\DNSAPI.dll
0x00007ff966f70000 - 0x00007ff966f79000 	C:\Program Files\Eclipse Adoptium\jdk-17.0.17.10-hotspot\bin\extnet.dll
0x00007ff98b6a0000 - 0x00007ff98b6b8000 	C:\Windows\SYSTEM32\CRYPTSP.dll
0x00007ff98ad90000 - 0x00007ff98adc8000 	C:\Windows\system32\rsaenh.dll
0x00007ff98bcf0000 - 0x00007ff98bd1e000 	C:\Windows\SYSTEM32\USERENV.dll
0x00007ff98b5e0000 - 0x00007ff98b5ec000 	C:\Windows\SYSTEM32\CRYPTBASE.dll
0x00007ff966f80000 - 0x00007ff966f8e000 	C:\Program Files\Eclipse Adoptium\jdk-17.0.17.10-hotspot\bin\sunmscapi.dll
0x00007ff98c350000 - 0x00007ff98c4ad000 	C:\Windows\System32\CRYPT32.dll
0x00007ff98b830000 - 0x00007ff98b857000 	C:\Windows\SYSTEM32\ncrypt.dll
0x00007ff98b7f0000 - 0x00007ff98b82b000 	C:\Windows\SYSTEM32\NTASN1.dll
0x00007ff95a820000 - 0x00007ff95a827000 	C:\Windows\system32\wshunix.dll

dbghelp: loaded successfully - version: 4.0.5 - missing functions: none
symbol engine: initialized successfully - sym options: 0x614 - pdb path: .;C:\Program Files\Eclipse Adoptium\jdk-17.0.17.10-hotspot\bin;C:\Windows\SYSTEM32;C:\Windows\WinSxS\amd64_microsoft.windows.common-controls_6595b64144ccf1df_6.0.19041.6456_none_60b8a6cb71f64256;C:\Program Files\Eclipse Adoptium\jdk-17.0.17.10-hotspot\bin\server;C:\Users\youbitech\.gradle\native\1def1411415f61bf3af743bc5b6707747c0891f09f0c88961ee8f79bc544acac\windows-amd64;C:\Users\youbitech\.gradle\native\0.2.7\x86_64-windows-gnu

VM Arguments:
jvm_args: --add-opens=java.base/java.lang=ALL-UNNAMED --add-opens=java.base/java.lang.invoke=ALL-UNNAMED --add-opens=java.base/java.util=ALL-UNNAMED --add-opens=java.prefs/java.util.prefs=ALL-UNNAMED --add-exports=jdk.compiler/com.sun.tools.javac.api=ALL-UNNAMED --add-exports=jdk.compiler/com.sun.tools.javac.util=ALL-UNNAMED --add-opens=java.base/java.util=ALL-UNNAMED --add-opens=java.prefs/java.util.prefs=ALL-UNNAMED --add-opens=java.base/java.nio.charset=ALL-UNNAMED --add-opens=java.base/java.net=ALL-UNNAMED --add-opens=java.base/java.util.concurrent.atomic=ALL-UNNAMED --add-opens=java.xml/javax.xml.namespace=ALL-UNNAMED -XX:MaxMetaspaceSize=512m -Xmx1536m -Dfile.encoding=UTF-8 -Duser.country=FR -Duser.language=fr -Duser.variant -javaagent:C:\Users\youbitech\.gradle\wrapper\dists\gradle-8.13-bin\5xuhj0ry160q40clulazy9h7d\gradle-8.13\lib\agents\gradle-instrumentation-agent-8.13.jar 
java_command: org.gradle.launcher.daemon.bootstrap.GradleDaemon 8.13
java_class_path (initial): C:\Users\youbitech\.gradle\wrapper\dists\gradle-8.13-bin\5xuhj0ry160q40clulazy9h7d\gradle-8.13\lib\gradle-daemon-main-8.13.jar
Launcher Type: SUN_STANDARD

[Global flags]
     intx CICompilerCount                          = 4                                         {product} {ergonomic}
   size_t CompressedClassSpaceSize                 = 436207616                                 {product} {ergonomic}
     uint ConcGCThreads                            = 2                                         {product} {ergonomic}
     uint G1ConcRefinementThreads                  = 8                                         {product} {ergonomic}
   size_t G1HeapRegionSize                         = 1048576                                   {product} {ergonomic}
    uintx GCDrainStackTargetSize                   = 64                                        {product} {ergonomic}
   size_t InitialHeapSize                          = 132120576                                 {product} {ergonomic}
   size_t MarkStackSize                            = 4194304                                   {product} {ergonomic}
   size_t MaxHeapSize                              = 1610612736                                {product} {command line}
   size_t MaxMetaspaceSize                         = 536870912                                 {product} {command line}
   size_t MaxNewSize                               = 965738496                                 {product} {ergonomic}
   size_t MinHeapDeltaBytes                        = 1048576                                   {product} {ergonomic}
   size_t MinHeapSize                              = 8388608                                   {product} {ergonomic}
    uintx NonNMethodCodeHeapSize                   = 5839372                                {pd product} {ergonomic}
    uintx NonProfiledCodeHeapSize                  = 122909434                              {pd product} {ergonomic}
    uintx ProfiledCodeHeapSize                     = 122909434                              {pd product} {ergonomic}
    uintx ReservedCodeCacheSize                    = 251658240                              {pd product} {ergonomic}
     bool SegmentedCodeCache                       = true                                      {product} {ergonomic}
   size_t SoftMaxHeapSize                          = 1610612736                             {manageable} {ergonomic}
     bool UseCompressedClassPointers               = true                           {product lp64_product} {ergonomic}
     bool UseCompressedOops                        = true                           {product lp64_product} {ergonomic}
     bool UseG1GC                                  = true                                      {product} {ergonomic}
     bool UseLargePagesIndividualAllocation        = false                                  {pd product} {ergonomic}

Logging:
Log output configuration:
 #0: stdout all=warning uptime,level,tags
 #1: stderr all=off uptime,level,tags

Environment Variables:
JAVA_HOME=C:\Program Files\Eclipse Adoptium\jdk-17.0.17.10-hotspot
PATH=C:\Program Files\Eclipse Adoptium\jdk-17.0.17.10-hotspot\bin;C:\sonarqube-25.11.0.114957\bin;%JAVA_HOME%\bin;C:\Users\youbitech\Desktop\sonar-scanner-7.3.0.5189-windows-x64\bin;C:\Program Files\Eclipse Adoptium\jdk-25.0.0.36-hotspot\bin;C:\Windows\system32;C:\Windows;C:\Windows\System32\Wbem;C:\Windows\System32\WindowsPowerShell\v1.0\;C:\Windows\System32\OpenSSH\;C:\Users\youbitech\Downloads\apache-maven-3.9.11\bin;C:\Program Files\Git\cmd;C:\Program Files\Docker\Docker\resources\bin;C:\Program Files\nodejs\;C:\Users\youbitech\Downloads\flutter\bin;C:\Users\youbitech\Desktop\sonar-scanner-7.3.0.5189-windows-x64\bin;C:\Program Files\Eclipse Adoptium\jdk-17.0.17.10-hotspot\bin;C:\Program Files\Eclipse Adoptium\jdk-17.0.17.10-hotspot\bin;C:\sonarqube-25.11.0.114957\bin;C:\Users\youbitech\Desktop\sonar-scanner-7.3.0.5189-windows-x64\bin;C:\Program Files\Eclipse Adoptium\jdk-25.0.0.36-hotspot\bin;C:\Windows\system32;C:\Windows;C:\Windows\System32\Wbem;C:\Windows\System32\WindowsPowerShell\v1.0\;C:\Windows\System32\OpenSSH\;C:\Users\youbitech\Downloads\apache-maven-3.9.11\bin;C:\Program Files\Git\cmd;C:\Program Files\Docker\Docker\resources\bin;C:\Program Files\nodejs\;C:\Users\youbitech\Downloads\flutter\bin;C:\Users\youbitech\Desktop\sonar-scanner-7.3.0.5189-windows-x64\bin;C:\Users\youbitech\AppData\Local\Microsoft\WindowsApps;C:\Users\youbitech\AppData\Local\Programs\Microsoft VS Code\bin;C:\Users\youbitech\AppData\Roaming\npm;C:\Users\youbitech\AppData\Local\Programs\Windsurf\bin;C:\Users\youbitech\AppData\Local\Programs\cursor\resources\app\bin;C:\Users\youbitech\AppData\Local\Pandoc\;C:\Users\youbitech\AppData\Local\Python\bin;C:\Users\youbitech\AppData\Roaming\Pub\Cache\bin;C:\Users\youbitech\AppData\Local\Pub\Cache\bin;
USERNAME=youbitech
OS=Windows_NT
PROCESSOR_IDENTIFIER=Intel64 Family 6 Model 142 Stepping 10, GenuineIntel
TMP=C:\Users\YOUBIT~1\AppData\Local\Temp
TEMP=C:\Users\YOUBIT~1\AppData\Local\Temp



Periodic native trim disabled


---------------  S Y S T E M  ---------------

OS:
 Windows 10 , 64 bit Build 19041 (10.0.19041.5915)
OS uptime: 2 days 7:29 hours
Hyper-V role detected

CPU: total 8 (initial active 8) (4 cores per cpu, 2 threads per core) family 6 model 142 stepping 10 microcode 0xf6, cx8, cmov, fxsr, ht, mmx, 3dnowpref, sse, sse2, sse3, ssse3, sse4.1, sse4.2, popcnt, lzcnt, tsc, tscinvbit, avx, avx2, aes, erms, clmul, bmi1, bmi2, adx, fma, vzeroupper, clflush, clflushopt, hv
Processor Information for all 8 processors :
  Max Mhz: 1800, Current Mhz: 1600, Mhz Limit: 1584

Memory: 4k page, system-wide physical 8035M (375M free)
TotalPageFile size 32611M (AvailPageFile size 6M)
current process WorkingSet (physical memory assigned to process): 314M, peak: 317M
current process commit charge ("private bytes"): 356M, peak: 358M

vm_info: OpenJDK 64-Bit Server VM (17.0.17+10) for windows-amd64 JRE (17.0.17+10), built on Oct 21 2025 23:25:32 by "admin" with unknown MS VC++:1942

END.
