#
# There is insufficient memory for the Java Runtime Environment to continue.
# Native memory allocation (malloc) failed to allocate 2177296 bytes. Error detail: Chunk::new
# Possible reasons:
#   The system is out of physical RAM or swap space
#   This process is running with CompressedOops enabled, and the Java Heap may be blocking the growth of the native heap
# Possible solutions:
#   Reduce memory load on the system
#   Increase physical memory or swap space
#   Check if swap backing store is full
#   Decrease Java heap size (-Xmx/-Xms)
#   Decrease number of Java threads
#   Decrease Java thread stack sizes (-Xss)
#   Set larger code cache with -XX:ReservedCodeCacheSize=
#   JVM is running with Unscaled Compressed Oops mode in which the Java heap is
#     placed in the first 4GB address space. The Java Heap base address is the
#     maximum limit for the native heap growth. Please use -XX:HeapBaseMinAddress
#     to set the Java Heap base and to place the Java Heap above 4GB virtual address.
# This output file may be truncated or incomplete.
#
#  Out of Memory Error (arena.cpp:191), pid=24280, tid=23036
#
# JRE version: OpenJDK Runtime Environment Temurin-17.0.17+10 (17.0.17+10) (build 17.0.17+10)
# Java VM: OpenJDK 64-Bit Server VM Temurin-17.0.17+10 (17.0.17+10, mixed mode, sharing, tiered, compressed oops, compressed class ptrs, g1 gc, windows-amd64)
# No core dump will be written. Minidumps are not enabled by default on client versions of Windows
#

---------------  S U M M A R Y ------------

Command Line: --add-opens=java.base/java.lang=ALL-UNNAMED --add-opens=java.base/java.lang.invoke=ALL-UNNAMED --add-opens=java.base/java.util=ALL-UNNAMED --add-opens=java.prefs/java.util.prefs=ALL-UNNAMED --add-exports=jdk.compiler/com.sun.tools.javac.api=ALL-UNNAMED --add-exports=jdk.compiler/com.sun.tools.javac.util=ALL-UNNAMED --add-opens=java.base/java.util=ALL-UNNAMED --add-opens=java.prefs/java.util.prefs=ALL-UNNAMED --add-opens=java.base/java.nio.charset=ALL-UNNAMED --add-opens=java.base/java.net=ALL-UNNAMED --add-opens=java.base/java.util.concurrent.atomic=ALL-UNNAMED --add-opens=java.xml/javax.xml.namespace=ALL-UNNAMED -XX:MaxMetaspaceSize=256m -Xms128m -Xmx1024m -Dfile.encoding=UTF-8 -Duser.country=FR -Duser.language=fr -Duser.variant -javaagent:C:\Users\youbitech\.gradle\wrapper\dists\gradle-8.13-bin\5xuhj0ry160q40clulazy9h7d\gradle-8.13\lib\agents\gradle-instrumentation-agent-8.13.jar org.gradle.launcher.daemon.bootstrap.GradleDaemon 8.13

Host: Intel(R) Core(TM) i5-8250U CPU @ 1.60GHz, 8 cores, 7G,  Windows 10 , 64 bit Build 19041 (10.0.19041.5915)
Time: Fri Nov 21 23:35:46 2025 GMT elapsed time: 4.852962 seconds (0d 0h 0m 4s)

---------------  T H R E A D  ---------------

Current thread (0x000001f9df685740):  JavaThread "C2 CompilerThread0" daemon [_thread_in_native, id=23036, stack(0x00000061c5400000,0x00000061c5500000)]


Current CompileTask:
C2:4853 2507   !   4       java.lang.ClassLoader::loadClass (121 bytes)

Stack: [0x00000061c5400000,0x00000061c5500000]
Native frames: (J=compiled Java code, j=interpreted, Vv=VM code, C=native code)
V  [jvm.dll+0x683fb9]
V  [jvm.dll+0x83a1b5]
V  [jvm.dll+0x83bc2e]
V  [jvm.dll+0x83c2b3]
V  [jvm.dll+0x248eff]
V  [jvm.dll+0xad496]
V  [jvm.dll+0xadb3c]
V  [jvm.dll+0x3689ef]
V  [jvm.dll+0x1bc3f9]
V  [jvm.dll+0x219f10]
V  [jvm.dll+0x219200]
V  [jvm.dll+0x1a4920]
V  [jvm.dll+0x22989a]
V  [jvm.dll+0x227a4b]
V  [jvm.dll+0x7effb8]
V  [jvm.dll+0x7ea44c]
V  [jvm.dll+0x682e87]
C  [ucrtbase.dll+0x21bb2]
C  [KERNEL32.DLL+0x17374]
C  [ntdll.dll+0x4cc91]


---------------  P R O C E S S  ---------------

Threads class SMR info:
_java_thread_list=0x000001f9f3c08760, length=25, elements={
0x000001f9c37d21e0, 0x000001f9df65d9f0, 0x000001f9df65e780, 0x000001f9df6735e0,
0x000001f9df675fc0, 0x000001f9df676ca0, 0x000001f9df677570, 0x000001f9df685740,
0x000001f9df686920, 0x000001f9df691a10, 0x000001f9df8b61c0, 0x000001f9df8b4360,
0x000001f9df8b6be0, 0x000001f9df8b7b10, 0x000001f9df8b4870, 0x000001f9df8b7600,
0x000001f9df8b57a0, 0x000001f9df8b5cb0, 0x000001f9df8b5290, 0x000001f9df8b66d0,
0x000001f9f3700c30, 0x000001f9f36ff2e0, 0x000001f9f3701140, 0x000001f9f36ff7f0,
0x000001f9f37048f0
}

Java Threads: ( => current thread )
  0x000001f9c37d21e0 JavaThread "main" [_thread_blocked, id=6584, stack(0x00000061c4700000,0x00000061c4800000)]
  0x000001f9df65d9f0 JavaThread "Reference Handler" daemon [_thread_blocked, id=15160, stack(0x00000061c4e00000,0x00000061c4f00000)]
  0x000001f9df65e780 JavaThread "Finalizer" daemon [_thread_blocked, id=24136, stack(0x00000061c4f00000,0x00000061c5000000)]
  0x000001f9df6735e0 JavaThread "Signal Dispatcher" daemon [_thread_blocked, id=22960, stack(0x00000061c5000000,0x00000061c5100000)]
  0x000001f9df675fc0 JavaThread "Attach Listener" daemon [_thread_blocked, id=9024, stack(0x00000061c5100000,0x00000061c5200000)]
  0x000001f9df676ca0 JavaThread "Service Thread" daemon [_thread_blocked, id=26616, stack(0x00000061c5200000,0x00000061c5300000)]
  0x000001f9df677570 JavaThread "Monitor Deflation Thread" daemon [_thread_blocked, id=21968, stack(0x00000061c5300000,0x00000061c5400000)]
=>0x000001f9df685740 JavaThread "C2 CompilerThread0" daemon [_thread_in_native, id=23036, stack(0x00000061c5400000,0x00000061c5500000)]
  0x000001f9df686920 JavaThread "C1 CompilerThread0" daemon [_thread_in_native, id=20332, stack(0x00000061c5500000,0x00000061c5600000)]
  0x000001f9df691a10 JavaThread "Sweeper thread" daemon [_thread_blocked, id=16788, stack(0x00000061c5600000,0x00000061c5700000)]
  0x000001f9df8b61c0 JavaThread "Common-Cleaner" daemon [_thread_blocked, id=25588, stack(0x00000061c5700000,0x00000061c5800000)]
  0x000001f9df8b4360 JavaThread "Notification Thread" daemon [_thread_blocked, id=15000, stack(0x00000061c5800000,0x00000061c5900000)]
  0x000001f9df8b6be0 JavaThread "Daemon health stats" [_thread_blocked, id=20492, stack(0x00000061c5f00000,0x00000061c6000000)]
  0x000001f9df8b7b10 JavaThread "Incoming local TCP Connector on port 60438" [_thread_in_native, id=10760, stack(0x00000061c5a00000,0x00000061c5b00000)]
  0x000001f9df8b4870 JavaThread "Daemon periodic checks" [_thread_blocked, id=24020, stack(0x00000061c6000000,0x00000061c6100000)]
  0x000001f9df8b7600 JavaThread "Daemon" [_thread_blocked, id=23032, stack(0x00000061c6100000,0x00000061c6200000)]
  0x000001f9df8b57a0 JavaThread "Handler for socket connection from /127.0.0.1:60438 to /127.0.0.1:60439" [_thread_in_native, id=25872, stack(0x00000061c6200000,0x00000061c6300000)]
  0x000001f9df8b5cb0 JavaThread "Cancel handler" [_thread_blocked, id=21688, stack(0x00000061c6300000,0x00000061c6400000)]
  0x000001f9df8b5290 JavaThread "Daemon worker" [_thread_in_vm, id=13180, stack(0x00000061c6400000,0x00000061c6500000)]
  0x000001f9df8b66d0 JavaThread "Asynchronous log dispatcher for DefaultDaemonConnection: socket connection from /127.0.0.1:60438 to /127.0.0.1:60439" [_thread_blocked, id=19676, stack(0x00000061c6500000,0x00000061c6600000)]
  0x000001f9f3700c30 JavaThread "Stdin handler" [_thread_blocked, id=24660, stack(0x00000061c6600000,0x00000061c6700000)]
  0x000001f9f36ff2e0 JavaThread "Daemon client event forwarder" [_thread_blocked, id=12076, stack(0x00000061c6700000,0x00000061c6800000)]
  0x000001f9f3701140 JavaThread "Cache worker for journal cache (C:\Users\youbitech\.gradle\caches\journal-1)" [_thread_blocked, id=26332, stack(0x00000061c6800000,0x00000061c6900000)]
  0x000001f9f36ff7f0 JavaThread "File lock request listener" [_thread_in_native, id=15512, stack(0x00000061c6900000,0x00000061c6a00000)]
  0x000001f9f37048f0 JavaThread "Cache worker for file hash cache (C:\Users\youbitech\.gradle\caches\8.13\fileHashes)" [_thread_blocked, id=22132, stack(0x00000061c6a00000,0x00000061c6b00000)]

Other Threads:
  0x000001f9df65a550 VMThread "VM Thread" [stack: 0x00000061c4d00000,0x00000061c4e00000] [id=12020]
  0x000001f9df967f00 WatcherThread [stack: 0x00000061c5900000,0x00000061c5a00000] [id=9952]
  0x000001f9c38162b0 GCTaskThread "GC Thread#0" [stack: 0x00000061c4800000,0x00000061c4900000] [id=17776]
  0x000001f9f24192d0 GCTaskThread "GC Thread#1" [stack: 0x00000061c5b00000,0x00000061c5c00000] [id=17060]
  0x000001f9f23ea260 GCTaskThread "GC Thread#2" [stack: 0x00000061c5c00000,0x00000061c5d00000] [id=3912]
  0x000001f9f2d11c50 GCTaskThread "GC Thread#3" [stack: 0x00000061c5d00000,0x00000061c5e00000] [id=19560]
  0x000001f9f20bed90 GCTaskThread "GC Thread#4" [stack: 0x00000061c5e00000,0x00000061c5f00000] [id=17300]
  0x000001f9f3e23ce0 GCTaskThread "GC Thread#5" [stack: 0x00000061c6b00000,0x00000061c6c00000] [id=15136]
  0x000001f9f2f547f0 GCTaskThread "GC Thread#6" [stack: 0x00000061c6c00000,0x00000061c6d00000] [id=16792]
  0x000001f9f4b3e7b0 GCTaskThread "GC Thread#7" [stack: 0x00000061c6d00000,0x00000061c6e00000] [id=23536]
  0x000001f9c381f110 ConcurrentGCThread "G1 Main Marker" [stack: 0x00000061c4900000,0x00000061c4a00000] [id=15224]
  0x000001f9c381fa40 ConcurrentGCThread "G1 Conc#0" [stack: 0x00000061c4a00000,0x00000061c4b00000] [id=21152]
  0x000001f9df5200a0 ConcurrentGCThread "G1 Refine#0" [stack: 0x00000061c4b00000,0x00000061c4c00000] [id=23520]
  0x000001f9df5209e0 ConcurrentGCThread "G1 Service" [stack: 0x00000061c4c00000,0x00000061c4d00000] [id=20156]

Threads with active compile tasks:
C2 CompilerThread0  4892 2507   !   4       java.lang.ClassLoader::loadClass (121 bytes)
C1 CompilerThread0  4892 2612       3       java.lang.invoke.MethodHandles$Lookup::getDirectMethodForConstant (72 bytes)

VM state: not at safepoint (normal execution)

VM Mutex/Monitor currently owned by a thread: None

Heap address: 0x00000000c0000000, size: 1024 MB, Compressed Oops mode: 32-bit

CDS archive(s) mapped at: [0x000001f9e0000000-0x000001f9e0bb0000-0x000001f9e0bb0000), size 12255232, SharedBaseAddress: 0x000001f9e0000000, ArchiveRelocationMode: 1.
Compressed class space mapped at: 0x000001f9e1000000-0x000001f9ee000000, reserved size: 218103808
Narrow klass base: 0x000001f9e0000000, Narrow klass shift: 0, Narrow klass range: 0x100000000

GC Precious Log:
 CPUs: 8 total, 8 available
 Memory: 8035M
 Large Page Support: Disabled
 NUMA Support: Disabled
 Compressed Oops: Enabled (32-bit)
 Heap Region Size: 1M
 Heap Min Capacity: 128M
 Heap Initial Capacity: 128M
 Heap Max Capacity: 1G
 Pre-touch: Disabled
 Parallel Workers: 8
 Concurrent Workers: 2
 Concurrent Refinement Workers: 8
 Periodic GC: Disabled

Heap:
 garbage-first heap   total 131072K, used 39464K [0x00000000c0000000, 0x0000000100000000)
  region size 1024K, 28 young (28672K), 10 survivors (10240K)
 Metaspace       used 19284K, committed 19584K, reserved 278528K
  class space    used 2808K, committed 2944K, reserved 212992K

Heap Regions: E=young(eden), S=young(survivor), O=old, HS=humongous(starts), HC=humongous(continues), CS=collection set, F=free, OA=open archive, CA=closed archive, TAMS=top-at-mark-start (previous, next)
|   0|0x00000000c0000000, 0x00000000c0100000, 0x00000000c0100000|100%|HS|  |TAMS 0x00000000c0000000, 0x00000000c0000000| Complete 
|   1|0x00000000c0100000, 0x00000000c0200000, 0x00000000c0200000|100%|HC|  |TAMS 0x00000000c0100000, 0x00000000c0100000| Complete 
|   2|0x00000000c0200000, 0x00000000c0300000, 0x00000000c0300000|100%|HC|  |TAMS 0x00000000c0200000, 0x00000000c0200000| Complete 
|   3|0x00000000c0300000, 0x00000000c0400000, 0x00000000c0400000|100%| O|  |TAMS 0x00000000c0300000, 0x00000000c0300000| Untracked 
|   4|0x00000000c0400000, 0x00000000c0500000, 0x00000000c0500000|100%| O|  |TAMS 0x00000000c0400000, 0x00000000c0400000| Untracked 
|   5|0x00000000c0500000, 0x00000000c0600000, 0x00000000c0600000|100%| O|  |TAMS 0x00000000c0500000, 0x00000000c0500000| Untracked 
|   6|0x00000000c0600000, 0x00000000c0700000, 0x00000000c0700000|100%| O|  |TAMS 0x00000000c0600000, 0x00000000c0600000| Untracked 
|   7|0x00000000c0700000, 0x00000000c0800000, 0x00000000c0800000|100%|HS|  |TAMS 0x00000000c0700000, 0x00000000c0700000| Complete 
|   8|0x00000000c0800000, 0x00000000c0800000, 0x00000000c0900000|  0%| F|  |TAMS 0x00000000c0800000, 0x00000000c0800000| Untracked 
|   9|0x00000000c0900000, 0x00000000c0a00000, 0x00000000c0a00000|100%| O|  |TAMS 0x00000000c0900000, 0x00000000c0900000| Untracked 
|  10|0x00000000c0a00000, 0x00000000c0b00000, 0x00000000c0b00000|100%| O|  |TAMS 0x00000000c0a00000, 0x00000000c0a00000| Untracked 
|  11|0x00000000c0b00000, 0x00000000c0c00000, 0x00000000c0c00000|100%| O|  |TAMS 0x00000000c0b00000, 0x00000000c0b00000| Untracked 
|  12|0x00000000c0c00000, 0x00000000c0d00000, 0x00000000c0d00000|100%| O|  |TAMS 0x00000000c0c00000, 0x00000000c0c00000| Untracked 
|  13|0x00000000c0d00000, 0x00000000c0d10a00, 0x00000000c0e00000|  6%| O|  |TAMS 0x00000000c0d00000, 0x00000000c0d00000| Untracked 
|  14|0x00000000c0e00000, 0x00000000c0e00000, 0x00000000c0f00000|  0%| F|  |TAMS 0x00000000c0e00000, 0x00000000c0e00000| Untracked 
|  15|0x00000000c0f00000, 0x00000000c0f00000, 0x00000000c1000000|  0%| F|  |TAMS 0x00000000c0f00000, 0x00000000c0f00000| Untracked 
|  16|0x00000000c1000000, 0x00000000c1000000, 0x00000000c1100000|  0%| F|  |TAMS 0x00000000c1000000, 0x00000000c1000000| Untracked 
|  17|0x00000000c1100000, 0x00000000c1100000, 0x00000000c1200000|  0%| F|  |TAMS 0x00000000c1100000, 0x00000000c1100000| Untracked 
|  18|0x00000000c1200000, 0x00000000c1200000, 0x00000000c1300000|  0%| F|  |TAMS 0x00000000c1200000, 0x00000000c1200000| Untracked 
|  19|0x00000000c1300000, 0x00000000c1300000, 0x00000000c1400000|  0%| F|  |TAMS 0x00000000c1300000, 0x00000000c1300000| Untracked 
|  20|0x00000000c1400000, 0x00000000c1400000, 0x00000000c1500000|  0%| F|  |TAMS 0x00000000c1400000, 0x00000000c1400000| Untracked 
|  21|0x00000000c1500000, 0x00000000c1500000, 0x00000000c1600000|  0%| F|  |TAMS 0x00000000c1500000, 0x00000000c1500000| Untracked 
|  22|0x00000000c1600000, 0x00000000c1600000, 0x00000000c1700000|  0%| F|  |TAMS 0x00000000c1600000, 0x00000000c1600000| Untracked 
|  23|0x00000000c1700000, 0x00000000c1700000, 0x00000000c1800000|  0%| F|  |TAMS 0x00000000c1700000, 0x00000000c1700000| Untracked 
|  24|0x00000000c1800000, 0x00000000c1800000, 0x00000000c1900000|  0%| F|  |TAMS 0x00000000c1800000, 0x00000000c1800000| Untracked 
|  25|0x00000000c1900000, 0x00000000c1900000, 0x00000000c1a00000|  0%| F|  |TAMS 0x00000000c1900000, 0x00000000c1900000| Untracked 
|  26|0x00000000c1a00000, 0x00000000c1a00000, 0x00000000c1b00000|  0%| F|  |TAMS 0x00000000c1a00000, 0x00000000c1a00000| Untracked 
|  27|0x00000000c1b00000, 0x00000000c1b00000, 0x00000000c1c00000|  0%| F|  |TAMS 0x00000000c1b00000, 0x00000000c1b00000| Untracked 
|  28|0x00000000c1c00000, 0x00000000c1c00000, 0x00000000c1d00000|  0%| F|  |TAMS 0x00000000c1c00000, 0x00000000c1c00000| Untracked 
|  29|0x00000000c1d00000, 0x00000000c1d00000, 0x00000000c1e00000|  0%| F|  |TAMS 0x00000000c1d00000, 0x00000000c1d00000| Untracked 
|  30|0x00000000c1e00000, 0x00000000c1e00000, 0x00000000c1f00000|  0%| F|  |TAMS 0x00000000c1e00000, 0x00000000c1e00000| Untracked 
|  31|0x00000000c1f00000, 0x00000000c1f00000, 0x00000000c2000000|  0%| F|  |TAMS 0x00000000c1f00000, 0x00000000c1f00000| Untracked 
|  32|0x00000000c2000000, 0x00000000c2000000, 0x00000000c2100000|  0%| F|  |TAMS 0x00000000c2000000, 0x00000000c2000000| Untracked 
|  33|0x00000000c2100000, 0x00000000c2100000, 0x00000000c2200000|  0%| F|  |TAMS 0x00000000c2100000, 0x00000000c2100000| Untracked 
|  34|0x00000000c2200000, 0x00000000c2200000, 0x00000000c2300000|  0%| F|  |TAMS 0x00000000c2200000, 0x00000000c2200000| Untracked 
|  35|0x00000000c2300000, 0x00000000c2300000, 0x00000000c2400000|  0%| F|  |TAMS 0x00000000c2300000, 0x00000000c2300000| Untracked 
|  36|0x00000000c2400000, 0x00000000c2400000, 0x00000000c2500000|  0%| F|  |TAMS 0x00000000c2400000, 0x00000000c2400000| Untracked 
|  37|0x00000000c2500000, 0x00000000c2500000, 0x00000000c2600000|  0%| F|  |TAMS 0x00000000c2500000, 0x00000000c2500000| Untracked 
|  38|0x00000000c2600000, 0x00000000c2600000, 0x00000000c2700000|  0%| F|  |TAMS 0x00000000c2600000, 0x00000000c2600000| Untracked 
|  39|0x00000000c2700000, 0x00000000c2700000, 0x00000000c2800000|  0%| F|  |TAMS 0x00000000c2700000, 0x00000000c2700000| Untracked 
|  40|0x00000000c2800000, 0x00000000c2800000, 0x00000000c2900000|  0%| F|  |TAMS 0x00000000c2800000, 0x00000000c2800000| Untracked 
|  41|0x00000000c2900000, 0x00000000c2900000, 0x00000000c2a00000|  0%| F|  |TAMS 0x00000000c2900000, 0x00000000c2900000| Untracked 
|  42|0x00000000c2a00000, 0x00000000c2a798b0, 0x00000000c2b00000| 47%| S|CS|TAMS 0x00000000c2a00000, 0x00000000c2a00000| Complete 
|  43|0x00000000c2b00000, 0x00000000c2c00000, 0x00000000c2c00000|100%| S|CS|TAMS 0x00000000c2b00000, 0x00000000c2b00000| Complete 
|  44|0x00000000c2c00000, 0x00000000c2d00000, 0x00000000c2d00000|100%| S|CS|TAMS 0x00000000c2c00000, 0x00000000c2c00000| Complete 
|  45|0x00000000c2d00000, 0x00000000c2e00000, 0x00000000c2e00000|100%| S|CS|TAMS 0x00000000c2d00000, 0x00000000c2d00000| Complete 
|  46|0x00000000c2e00000, 0x00000000c2f00000, 0x00000000c2f00000|100%| S|CS|TAMS 0x00000000c2e00000, 0x00000000c2e00000| Complete 
|  47|0x00000000c2f00000, 0x00000000c3000000, 0x00000000c3000000|100%| S|CS|TAMS 0x00000000c2f00000, 0x00000000c2f00000| Complete 
|  48|0x00000000c3000000, 0x00000000c3100000, 0x00000000c3100000|100%| S|CS|TAMS 0x00000000c3000000, 0x00000000c3000000| Complete 
|  49|0x00000000c3100000, 0x00000000c3200000, 0x00000000c3200000|100%| S|CS|TAMS 0x00000000c3100000, 0x00000000c3100000| Complete 
|  50|0x00000000c3200000, 0x00000000c3300000, 0x00000000c3300000|100%| S|CS|TAMS 0x00000000c3200000, 0x00000000c3200000| Complete 
|  51|0x00000000c3300000, 0x00000000c3400000, 0x00000000c3400000|100%| S|CS|TAMS 0x00000000c3300000, 0x00000000c3300000| Complete 
|  52|0x00000000c3400000, 0x00000000c3400000, 0x00000000c3500000|  0%| F|  |TAMS 0x00000000c3400000, 0x00000000c3400000| Untracked 
|  53|0x00000000c3500000, 0x00000000c3500000, 0x00000000c3600000|  0%| F|  |TAMS 0x00000000c3500000, 0x00000000c3500000| Untracked 
|  54|0x00000000c3600000, 0x00000000c3600000, 0x00000000c3700000|  0%| F|  |TAMS 0x00000000c3600000, 0x00000000c3600000| Untracked 
|  55|0x00000000c3700000, 0x00000000c3700000, 0x00000000c3800000|  0%| F|  |TAMS 0x00000000c3700000, 0x00000000c3700000| Untracked 
|  56|0x00000000c3800000, 0x00000000c3800000, 0x00000000c3900000|  0%| F|  |TAMS 0x00000000c3800000, 0x00000000c3800000| Untracked 
|  57|0x00000000c3900000, 0x00000000c3900000, 0x00000000c3a00000|  0%| F|  |TAMS 0x00000000c3900000, 0x00000000c3900000| Untracked 
|  58|0x00000000c3a00000, 0x00000000c3a00000, 0x00000000c3b00000|  0%| F|  |TAMS 0x00000000c3a00000, 0x00000000c3a00000| Untracked 
|  59|0x00000000c3b00000, 0x00000000c3b00000, 0x00000000c3c00000|  0%| F|  |TAMS 0x00000000c3b00000, 0x00000000c3b00000| Untracked 
|  60|0x00000000c3c00000, 0x00000000c3c00000, 0x00000000c3d00000|  0%| F|  |TAMS 0x00000000c3c00000, 0x00000000c3c00000| Untracked 
|  61|0x00000000c3d00000, 0x00000000c3d00000, 0x00000000c3e00000|  0%| F|  |TAMS 0x00000000c3d00000, 0x00000000c3d00000| Untracked 
|  62|0x00000000c3e00000, 0x00000000c3e00000, 0x00000000c3f00000|  0%| F|  |TAMS 0x00000000c3e00000, 0x00000000c3e00000| Untracked 
|  63|0x00000000c3f00000, 0x00000000c3f00000, 0x00000000c4000000|  0%| F|  |TAMS 0x00000000c3f00000, 0x00000000c3f00000| Untracked 
|  64|0x00000000c4000000, 0x00000000c4000000, 0x00000000c4100000|  0%| F|  |TAMS 0x00000000c4000000, 0x00000000c4000000| Untracked 
|  65|0x00000000c4100000, 0x00000000c4100000, 0x00000000c4200000|  0%| F|  |TAMS 0x00000000c4100000, 0x00000000c4100000| Untracked 
|  66|0x00000000c4200000, 0x00000000c4200000, 0x00000000c4300000|  0%| F|  |TAMS 0x00000000c4200000, 0x00000000c4200000| Untracked 
|  67|0x00000000c4300000, 0x00000000c4300000, 0x00000000c4400000|  0%| F|  |TAMS 0x00000000c4300000, 0x00000000c4300000| Untracked 
|  68|0x00000000c4400000, 0x00000000c4400000, 0x00000000c4500000|  0%| F|  |TAMS 0x00000000c4400000, 0x00000000c4400000| Untracked 
|  69|0x00000000c4500000, 0x00000000c4500000, 0x00000000c4600000|  0%| F|  |TAMS 0x00000000c4500000, 0x00000000c4500000| Untracked 
|  70|0x00000000c4600000, 0x00000000c4600000, 0x00000000c4700000|  0%| F|  |TAMS 0x00000000c4600000, 0x00000000c4600000| Untracked 
|  71|0x00000000c4700000, 0x00000000c4700000, 0x00000000c4800000|  0%| F|  |TAMS 0x00000000c4700000, 0x00000000c4700000| Untracked 
|  72|0x00000000c4800000, 0x00000000c4800000, 0x00000000c4900000|  0%| F|  |TAMS 0x00000000c4800000, 0x00000000c4800000| Untracked 
|  73|0x00000000c4900000, 0x00000000c4900000, 0x00000000c4a00000|  0%| F|  |TAMS 0x00000000c4900000, 0x00000000c4900000| Untracked 
|  74|0x00000000c4a00000, 0x00000000c4a00000, 0x00000000c4b00000|  0%| F|  |TAMS 0x00000000c4a00000, 0x00000000c4a00000| Untracked 
|  75|0x00000000c4b00000, 0x00000000c4b00000, 0x00000000c4c00000|  0%| F|  |TAMS 0x00000000c4b00000, 0x00000000c4b00000| Untracked 
|  76|0x00000000c4c00000, 0x00000000c4c00000, 0x00000000c4d00000|  0%| F|  |TAMS 0x00000000c4c00000, 0x00000000c4c00000| Untracked 
|  77|0x00000000c4d00000, 0x00000000c4d00000, 0x00000000c4e00000|  0%| F|  |TAMS 0x00000000c4d00000, 0x00000000c4d00000| Untracked 
|  78|0x00000000c4e00000, 0x00000000c4e00000, 0x00000000c4f00000|  0%| F|  |TAMS 0x00000000c4e00000, 0x00000000c4e00000| Untracked 
|  79|0x00000000c4f00000, 0x00000000c4f00000, 0x00000000c5000000|  0%| F|  |TAMS 0x00000000c4f00000, 0x00000000c4f00000| Untracked 
|  80|0x00000000c5000000, 0x00000000c5000000, 0x00000000c5100000|  0%| F|  |TAMS 0x00000000c5000000, 0x00000000c5000000| Untracked 
|  81|0x00000000c5100000, 0x00000000c5100000, 0x00000000c5200000|  0%| F|  |TAMS 0x00000000c5100000, 0x00000000c5100000| Untracked 
|  82|0x00000000c5200000, 0x00000000c5200000, 0x00000000c5300000|  0%| F|  |TAMS 0x00000000c5200000, 0x00000000c5200000| Untracked 
|  83|0x00000000c5300000, 0x00000000c5300000, 0x00000000c5400000|  0%| F|  |TAMS 0x00000000c5300000, 0x00000000c5300000| Untracked 
|  84|0x00000000c5400000, 0x00000000c5400000, 0x00000000c5500000|  0%| F|  |TAMS 0x00000000c5400000, 0x00000000c5400000| Untracked 
|  85|0x00000000c5500000, 0x00000000c5500000, 0x00000000c5600000|  0%| F|  |TAMS 0x00000000c5500000, 0x00000000c5500000| Untracked 
|  86|0x00000000c5600000, 0x00000000c5600000, 0x00000000c5700000|  0%| F|  |TAMS 0x00000000c5600000, 0x00000000c5600000| Untracked 
|  87|0x00000000c5700000, 0x00000000c5700000, 0x00000000c5800000|  0%| F|  |TAMS 0x00000000c5700000, 0x00000000c5700000| Untracked 
|  88|0x00000000c5800000, 0x00000000c5800000, 0x00000000c5900000|  0%| F|  |TAMS 0x00000000c5800000, 0x00000000c5800000| Untracked 
|  89|0x00000000c5900000, 0x00000000c5900000, 0x00000000c5a00000|  0%| F|  |TAMS 0x00000000c5900000, 0x00000000c5900000| Untracked 
|  90|0x00000000c5a00000, 0x00000000c5a00000, 0x00000000c5b00000|  0%| F|  |TAMS 0x00000000c5a00000, 0x00000000c5a00000| Untracked 
|  91|0x00000000c5b00000, 0x00000000c5b00000, 0x00000000c5c00000|  0%| F|  |TAMS 0x00000000c5b00000, 0x00000000c5b00000| Untracked 
|  92|0x00000000c5c00000, 0x00000000c5c00000, 0x00000000c5d00000|  0%| F|  |TAMS 0x00000000c5c00000, 0x00000000c5c00000| Untracked 
|  93|0x00000000c5d00000, 0x00000000c5d00000, 0x00000000c5e00000|  0%| F|  |TAMS 0x00000000c5d00000, 0x00000000c5d00000| Untracked 
|  94|0x00000000c5e00000, 0x00000000c5e00000, 0x00000000c5f00000|  0%| F|  |TAMS 0x00000000c5e00000, 0x00000000c5e00000| Untracked 
|  95|0x00000000c5f00000, 0x00000000c5f00000, 0x00000000c6000000|  0%| F|  |TAMS 0x00000000c5f00000, 0x00000000c5f00000| Untracked 
|  96|0x00000000c6000000, 0x00000000c6000000, 0x00000000c6100000|  0%| F|  |TAMS 0x00000000c6000000, 0x00000000c6000000| Untracked 
|  97|0x00000000c6100000, 0x00000000c6100000, 0x00000000c6200000|  0%| F|  |TAMS 0x00000000c6100000, 0x00000000c6100000| Untracked 
|  98|0x00000000c6200000, 0x00000000c6200000, 0x00000000c6300000|  0%| F|  |TAMS 0x00000000c6200000, 0x00000000c6200000| Untracked 
|  99|0x00000000c6300000, 0x00000000c6300000, 0x00000000c6400000|  0%| F|  |TAMS 0x00000000c6300000, 0x00000000c6300000| Untracked 
| 100|0x00000000c6400000, 0x00000000c6400000, 0x00000000c6500000|  0%| F|  |TAMS 0x00000000c6400000, 0x00000000c6400000| Untracked 
| 101|0x00000000c6500000, 0x00000000c6500000, 0x00000000c6600000|  0%| F|  |TAMS 0x00000000c6500000, 0x00000000c6500000| Untracked 
| 102|0x00000000c6600000, 0x00000000c6600000, 0x00000000c6700000|  0%| F|  |TAMS 0x00000000c6600000, 0x00000000c6600000| Untracked 
| 103|0x00000000c6700000, 0x00000000c6700000, 0x00000000c6800000|  0%| F|  |TAMS 0x00000000c6700000, 0x00000000c6700000| Untracked 
| 104|0x00000000c6800000, 0x00000000c6800000, 0x00000000c6900000|  0%| F|  |TAMS 0x00000000c6800000, 0x00000000c6800000| Untracked 
| 105|0x00000000c6900000, 0x00000000c6900000, 0x00000000c6a00000|  0%| F|  |TAMS 0x00000000c6900000, 0x00000000c6900000| Untracked 
| 106|0x00000000c6a00000, 0x00000000c6a00000, 0x00000000c6b00000|  0%| F|  |TAMS 0x00000000c6a00000, 0x00000000c6a00000| Untracked 
| 107|0x00000000c6b00000, 0x00000000c6b00000, 0x00000000c6c00000|  0%| F|  |TAMS 0x00000000c6b00000, 0x00000000c6b00000| Untracked 
| 108|0x00000000c6c00000, 0x00000000c6c00000, 0x00000000c6d00000|  0%| F|  |TAMS 0x00000000c6c00000, 0x00000000c6c00000| Untracked 
| 109|0x00000000c6d00000, 0x00000000c6d00000, 0x00000000c6e00000|  0%| F|  |TAMS 0x00000000c6d00000, 0x00000000c6d00000| Untracked 
| 110|0x00000000c6e00000, 0x00000000c6e80000, 0x00000000c6f00000| 50%| E|  |TAMS 0x00000000c6e00000, 0x00000000c6e00000| Complete 
| 111|0x00000000c6f00000, 0x00000000c7000000, 0x00000000c7000000|100%| E|CS|TAMS 0x00000000c6f00000, 0x00000000c6f00000| Complete 
| 112|0x00000000c7000000, 0x00000000c7100000, 0x00000000c7100000|100%| E|CS|TAMS 0x00000000c7000000, 0x00000000c7000000| Complete 
| 113|0x00000000c7100000, 0x00000000c7200000, 0x00000000c7200000|100%| E|CS|TAMS 0x00000000c7100000, 0x00000000c7100000| Complete 
| 114|0x00000000c7200000, 0x00000000c7300000, 0x00000000c7300000|100%| E|CS|TAMS 0x00000000c7200000, 0x00000000c7200000| Complete 
| 115|0x00000000c7300000, 0x00000000c7400000, 0x00000000c7400000|100%| E|CS|TAMS 0x00000000c7300000, 0x00000000c7300000| Complete 
| 116|0x00000000c7400000, 0x00000000c7500000, 0x00000000c7500000|100%| E|CS|TAMS 0x00000000c7400000, 0x00000000c7400000| Complete 
| 117|0x00000000c7500000, 0x00000000c7600000, 0x00000000c7600000|100%| E|CS|TAMS 0x00000000c7500000, 0x00000000c7500000| Complete 
| 118|0x00000000c7600000, 0x00000000c7700000, 0x00000000c7700000|100%| E|CS|TAMS 0x00000000c7600000, 0x00000000c7600000| Complete 
| 119|0x00000000c7700000, 0x00000000c7800000, 0x00000000c7800000|100%| E|CS|TAMS 0x00000000c7700000, 0x00000000c7700000| Complete 
| 120|0x00000000c7800000, 0x00000000c7900000, 0x00000000c7900000|100%| E|CS|TAMS 0x00000000c7800000, 0x00000000c7800000| Complete 
| 121|0x00000000c7900000, 0x00000000c7a00000, 0x00000000c7a00000|100%| E|CS|TAMS 0x00000000c7900000, 0x00000000c7900000| Complete 
| 122|0x00000000c7a00000, 0x00000000c7b00000, 0x00000000c7b00000|100%| E|CS|TAMS 0x00000000c7a00000, 0x00000000c7a00000| Complete 
| 123|0x00000000c7b00000, 0x00000000c7c00000, 0x00000000c7c00000|100%| E|CS|TAMS 0x00000000c7b00000, 0x00000000c7b00000| Complete 
| 124|0x00000000c7c00000, 0x00000000c7d00000, 0x00000000c7d00000|100%| E|CS|TAMS 0x00000000c7c00000, 0x00000000c7c00000| Complete 
| 125|0x00000000c7d00000, 0x00000000c7e00000, 0x00000000c7e00000|100%| E|CS|TAMS 0x00000000c7d00000, 0x00000000c7d00000| Complete 
| 126|0x00000000c7e00000, 0x00000000c7f00000, 0x00000000c7f00000|100%| E|CS|TAMS 0x00000000c7e00000, 0x00000000c7e00000| Complete 
| 127|0x00000000c7f00000, 0x00000000c8000000, 0x00000000c8000000|100%| E|CS|TAMS 0x00000000c7f00000, 0x00000000c7f00000| Complete 

Card table byte_map: [0x000001f9da880000,0x000001f9daa80000] _byte_map_base: 0x000001f9da280000

Marking Bits (Prev, Next): (CMBitMap*) 0x000001f9c38167e0, (CMBitMap*) 0x000001f9c3816820
 Prev Bits: [0x000001f9dac80000, 0x000001f9dbc80000)
 Next Bits: [0x000001f9dbc80000, 0x000001f9dcc80000)

Polling page: 0x000001f9c17a0000

Metaspace:

Usage:
  Non-class:     16.10 MB used.
      Class:      2.75 MB used.
       Both:     18.85 MB used.

Virtual space:
  Non-class space:       64.00 MB reserved,      16.25 MB ( 25%) committed,  1 nodes.
      Class space:      208.00 MB reserved,       2.88 MB (  1%) committed,  1 nodes.
             Both:      272.00 MB reserved,      19.12 MB (  7%) committed. 

Chunk freelists:
   Non-Class:  15.55 MB
       Class:  13.13 MB
        Both:  28.68 MB

MaxMetaspaceSize: 256.00 MB
CompressedClassSpaceSize: 208.00 MB
Initial GC threshold: 21.00 MB
Current GC threshold: 21.00 MB
CDS: on
MetaspaceReclaimPolicy: balanced
 - commit_granule_bytes: 65536.
 - commit_granule_words: 8192.
 - virtual_space_node_default_size: 8388608.
 - enlarge_chunks_in_place: 1.
 - new_chunks_are_fully_committed: 0.
 - uncommit_free_chunks: 1.
 - use_allocation_guard: 0.
 - handle_deallocations: 1.


Internal statistics:

num_allocs_failed_limit: 0.
num_arena_births: 230.
num_arena_deaths: 0.
num_vsnodes_births: 2.
num_vsnodes_deaths: 0.
num_space_committed: 307.
num_space_uncommitted: 0.
num_chunks_returned_to_freelist: 0.
num_chunks_taken_from_freelist: 920.
num_chunk_merges: 0.
num_chunk_splits: 588.
num_chunks_enlarged: 410.
num_inconsistent_stats: 0.

CodeHeap 'non-profiled nmethods': size=120000Kb used=1301Kb max_used=1301Kb free=118698Kb
 bounds [0x000001f9d2e20000, 0x000001f9d3090000, 0x000001f9da350000]
CodeHeap 'profiled nmethods': size=120000Kb used=5209Kb max_used=5209Kb free=114791Kb
 bounds [0x000001f9cb350000, 0x000001f9cb870000, 0x000001f9d2880000]
CodeHeap 'non-nmethods': size=5760Kb used=1236Kb max_used=1293Kb free=4524Kb
 bounds [0x000001f9d2880000, 0x000001f9d2af0000, 0x000001f9d2e20000]
 total_blobs=3149 nmethods=2604 adapters=457
 compilation: enabled
              stopped_count=0, restarted_count=0
 full_count=0

Compilation events (20 events):
Event: 4.733 Thread 0x000001f9df686920 2580       3       org.gradle.internal.service.DefaultServiceRegistry$FactoryMethodService::<init> (17 bytes)
Event: 4.733 Thread 0x000001f9df686920 nmethod 2580 0x000001f9cb854810 code [0x000001f9cb8549c0, 0x000001f9cb854b78]
Event: 4.733 Thread 0x000001f9df686920 2581       3       org.gradle.internal.service.DefaultServiceRegistry$FactoryMethodService::serviceTypesOf (42 bytes)
Event: 4.734 Thread 0x000001f9df686920 nmethod 2581 0x000001f9cb854c90 code [0x000001f9cb854f60, 0x000001f9cb856058]
Event: 4.734 Thread 0x000001f9df686920 2582   !   3       jdk.proxy1.$Proxy2::value (29 bytes)
Event: 4.734 Thread 0x000001f9df686920 nmethod 2582 0x000001f9cb856610 code [0x000001f9cb8567e0, 0x000001f9cb856bd8]
Event: 4.734 Thread 0x000001f9df686920 2583       3       org.gradle.internal.service.DefaultServiceRegistry$FactoryMethodService::<init> (34 bytes)
Event: 4.735 Thread 0x000001f9df686920 nmethod 2583 0x000001f9cb856d90 code [0x000001f9cb856f60, 0x000001f9cb8573b8]
Event: 4.791 Thread 0x000001f9df686920 2584       3       java.lang.reflect.Method::setMethodAccessor (21 bytes)
Event: 4.791 Thread 0x000001f9df686920 nmethod 2584 0x000001f9cb857610 code [0x000001f9cb8577c0, 0x000001f9cb857aa8]
Event: 4.833 Thread 0x000001f9df686920 2586       3       java.util.Arrays::asList (9 bytes)
Event: 4.833 Thread 0x000001f9df686920 nmethod 2586 0x000001f9cb857b90 code [0x000001f9cb857d60, 0x000001f9cb8581e8]
Event: 4.833 Thread 0x000001f9df686920 2587       3       jdk.internal.org.objectweb.asm.Frame::addInitializedType (77 bytes)
Event: 4.834 Thread 0x000001f9df686920 nmethod 2587 0x000001f9cb858390 code [0x000001f9cb858560, 0x000001f9cb858a88]
Event: 4.834 Thread 0x000001f9df686920 2588       3       java.lang.Class::forName (15 bytes)
Event: 4.834 Thread 0x000001f9df686920 nmethod 2588 0x000001f9cb858c10 code [0x000001f9cb858de0, 0x000001f9cb858ff8]
Event: 4.834 Thread 0x000001f9df686920 2589       3       java.lang.ClassLoader::getClassLoader (11 bytes)
Event: 4.834 Thread 0x000001f9df686920 nmethod 2589 0x000001f9cb859110 code [0x000001f9cb8592c0, 0x000001f9cb859438]
Event: 4.836 Thread 0x000001f9df686920 2590       3       sun.reflect.generics.repository.AbstractRepository::getReifier (8 bytes)
Event: 4.836 Thread 0x000001f9df686920 nmethod 2590 0x000001f9cb859510 code [0x000001f9cb8596c0, 0x000001f9cb8599b8]

GC Heap History (8 events):
Event: 0.409 GC heap before
{Heap before GC invocations=0 (full 0):
 garbage-first heap   total 131072K, used 22528K [0x00000000c0000000, 0x0000000100000000)
  region size 1024K, 23 young (23552K), 0 survivors (0K)
 Metaspace       used 1055K, committed 1216K, reserved 278528K
  class space    used 73K, committed 128K, reserved 212992K
}
Event: 0.414 GC heap after
{Heap after GC invocations=1 (full 0):
 garbage-first heap   total 131072K, used 2730K [0x00000000c0000000, 0x0000000100000000)
  region size 1024K, 3 young (3072K), 3 survivors (3072K)
 Metaspace       used 1055K, committed 1216K, reserved 278528K
  class space    used 73K, committed 128K, reserved 212992K
}
Event: 1.025 GC heap before
{Heap before GC invocations=1 (full 0):
 garbage-first heap   total 131072K, used 41642K [0x00000000c0000000, 0x0000000100000000)
  region size 1024K, 38 young (38912K), 3 survivors (3072K)
 Metaspace       used 4384K, committed 4544K, reserved 278528K
  class space    used 549K, committed 640K, reserved 212992K
}
Event: 1.031 GC heap after
{Heap after GC invocations=2 (full 0):
 garbage-first heap   total 131072K, used 11298K [0x00000000c0000000, 0x0000000100000000)
  region size 1024K, 5 young (5120K), 5 survivors (5120K)
 Metaspace       used 4384K, committed 4544K, reserved 278528K
  class space    used 549K, committed 640K, reserved 212992K
}
Event: 1.543 GC heap before
{Heap before GC invocations=2 (full 0):
 garbage-first heap   total 131072K, used 59426K [0x00000000c0000000, 0x0000000100000000)
  region size 1024K, 50 young (51200K), 5 survivors (5120K)
 Metaspace       used 4839K, committed 4992K, reserved 278528K
  class space    used 620K, committed 704K, reserved 212992K
}
Event: 1.551 GC heap after
{Heap after GC invocations=3 (full 0):
 garbage-first heap   total 131072K, used 16942K [0x00000000c0000000, 0x0000000100000000)
  region size 1024K, 5 young (5120K), 5 survivors (5120K)
 Metaspace       used 4839K, committed 4992K, reserved 278528K
  class space    used 620K, committed 704K, reserved 212992K
}
Event: 4.456 GC heap before
{Heap before GC invocations=3 (full 0):
 garbage-first heap   total 131072K, used 89646K [0x00000000c0000000, 0x0000000100000000)
  region size 1024K, 76 young (77824K), 5 survivors (5120K)
 Metaspace       used 17466K, committed 17792K, reserved 278528K
  class space    used 2477K, committed 2624K, reserved 212992K
}
Event: 4.465 GC heap after
{Heap after GC invocations=4 (full 0):
 garbage-first heap   total 131072K, used 22056K [0x00000000c0000000, 0x0000000100000000)
  region size 1024K, 10 young (10240K), 10 survivors (10240K)
 Metaspace       used 17466K, committed 17792K, reserved 278528K
  class space    used 2477K, committed 2624K, reserved 212992K
}

Dll operation events (15 events):
Event: 0.013 Loaded shared library C:\Program Files\Eclipse Adoptium\jdk-17.0.17.10-hotspot\bin\java.dll
Event: 0.032 Loaded shared library C:\Program Files\Eclipse Adoptium\jdk-17.0.17.10-hotspot\bin\jsvml.dll
Event: 0.083 Loaded shared library C:\Program Files\Eclipse Adoptium\jdk-17.0.17.10-hotspot\bin\zip.dll
Event: 0.086 Loaded shared library C:\Program Files\Eclipse Adoptium\jdk-17.0.17.10-hotspot\bin\instrument.dll
Event: 0.092 Loaded shared library C:\Program Files\Eclipse Adoptium\jdk-17.0.17.10-hotspot\bin\net.dll
Event: 0.095 Loaded shared library C:\Program Files\Eclipse Adoptium\jdk-17.0.17.10-hotspot\bin\nio.dll
Event: 0.097 Loaded shared library C:\Program Files\Eclipse Adoptium\jdk-17.0.17.10-hotspot\bin\zip.dll
Event: 0.339 Loaded shared library C:\Program Files\Eclipse Adoptium\jdk-17.0.17.10-hotspot\bin\jimage.dll
Event: 0.535 Loaded shared library C:\Program Files\Eclipse Adoptium\jdk-17.0.17.10-hotspot\bin\verify.dll
Event: 0.625 Loaded shared library C:\Users\youbitech\.gradle\native\1def1411415f61bf3af743bc5b6707747c0891f09f0c88961ee8f79bc544acac\windows-amd64\native-platform.dll
Event: 0.637 Loaded shared library C:\Users\youbitech\.gradle\native\0.2.7\x86_64-windows-gnu\gradle-fileevents.dll
Event: 1.761 Loaded shared library C:\Program Files\Eclipse Adoptium\jdk-17.0.17.10-hotspot\bin\management.dll
Event: 1.770 Loaded shared library C:\Program Files\Eclipse Adoptium\jdk-17.0.17.10-hotspot\bin\management_ext.dll
Event: 2.815 Loaded shared library C:\Program Files\Eclipse Adoptium\jdk-17.0.17.10-hotspot\bin\extnet.dll
Event: 3.219 Loaded shared library C:\Program Files\Eclipse Adoptium\jdk-17.0.17.10-hotspot\bin\sunmscapi.dll

Deoptimization events (20 events):
Event: 3.843 Thread 0x000001f9df8b5290 Uncommon trap: trap_request=0xffffff45 fr.pc=0x000001f9d2eedf44 relative=0x00000000000001a4
Event: 3.843 Thread 0x000001f9df8b5290 Uncommon trap: reason=unstable_if action=reinterpret pc=0x000001f9d2eedf44 method=java.util.WeakHashMap.expungeStaleEntries()V @ 9 c2
Event: 3.843 Thread 0x000001f9df8b5290 DEOPT PACKING pc=0x000001f9d2eedf44 sp=0x00000061c64fb6f0
Event: 3.843 Thread 0x000001f9df8b5290 DEOPT UNPACKING pc=0x000001f9d28d69a3 sp=0x00000061c64fb688 mode 2
Event: 3.954 Thread 0x000001f9df8b5290 Uncommon trap: trap_request=0xffffff45 fr.pc=0x000001f9d2f210b8 relative=0x0000000000000038
Event: 3.954 Thread 0x000001f9df8b5290 Uncommon trap: reason=unstable_if action=reinterpret pc=0x000001f9d2f210b8 method=jdk.internal.misc.Unsafe.convEndian(ZI)I @ 4 c2
Event: 3.954 Thread 0x000001f9df8b5290 DEOPT PACKING pc=0x000001f9d2f210b8 sp=0x00000061c64fa850
Event: 3.954 Thread 0x000001f9df8b5290 DEOPT UNPACKING pc=0x000001f9d28d69a3 sp=0x00000061c64fa7e8 mode 2
Event: 3.956 Thread 0x000001f9df8b5290 Uncommon trap: trap_request=0xffffff45 fr.pc=0x000001f9d2f1de94 relative=0x0000000000000074
Event: 3.956 Thread 0x000001f9df8b5290 Uncommon trap: reason=unstable_if action=reinterpret pc=0x000001f9d2f1de94 method=jdk.internal.misc.Unsafe.convEndian(ZI)I @ 4 c2
Event: 3.956 Thread 0x000001f9df8b5290 DEOPT PACKING pc=0x000001f9d2f1de94 sp=0x00000061c64fa620
Event: 3.956 Thread 0x000001f9df8b5290 DEOPT UNPACKING pc=0x000001f9d28d69a3 sp=0x00000061c64fa528 mode 2
Event: 3.990 Thread 0x000001f9df8b5290 Uncommon trap: trap_request=0xffffff45 fr.pc=0x000001f9d2e41a88 relative=0x0000000000000ae8
Event: 3.990 Thread 0x000001f9df8b5290 Uncommon trap: reason=unstable_if action=reinterpret pc=0x000001f9d2e41a88 method=java.io.WinNTFileSystem.resolve(Ljava/lang/String;Ljava/lang/String;)Ljava/lang/String; @ 19 c2
Event: 3.990 Thread 0x000001f9df8b5290 DEOPT PACKING pc=0x000001f9d2e41a88 sp=0x00000061c64faa50
Event: 3.990 Thread 0x000001f9df8b5290 DEOPT UNPACKING pc=0x000001f9d28d69a3 sp=0x00000061c64fa9f8 mode 2
Event: 3.992 Thread 0x000001f9df8b5290 Uncommon trap: trap_request=0xffffff45 fr.pc=0x000001f9d2ec3bf8 relative=0x0000000000000638
Event: 3.992 Thread 0x000001f9df8b5290 Uncommon trap: reason=unstable_if action=reinterpret pc=0x000001f9d2ec3bf8 method=java.io.File.getName()Ljava/lang/String; @ 16 c2
Event: 3.992 Thread 0x000001f9df8b5290 DEOPT PACKING pc=0x000001f9d2ec3bf8 sp=0x00000061c64faa00
Event: 3.992 Thread 0x000001f9df8b5290 DEOPT UNPACKING pc=0x000001f9d28d69a3 sp=0x00000061c64fa9d0 mode 2

Classes loaded (20 events):
Event: 3.991 Loading class java/io/File$TempDirectory
Event: 3.992 Loading class java/io/File$TempDirectory done
Event: 3.999 Loading class java/io/PrintWriter
Event: 4.000 Loading class java/io/PrintWriter done
Event: 4.033 Loading class java/util/concurrent/Semaphore
Event: 4.033 Loading class java/util/concurrent/Semaphore done
Event: 4.036 Loading class java/nio/file/FileVisitOption
Event: 4.036 Loading class java/nio/file/FileVisitOption done
Event: 4.041 Loading class java/util/stream/ReduceOps$1
Event: 4.041 Loading class java/util/stream/ReduceOps$1 done
Event: 4.041 Loading class java/util/stream/ReduceOps$1ReducingSink
Event: 4.041 Loading class java/util/stream/ReduceOps$1ReducingSink done
Event: 4.230 Loading class java/util/Collections$2
Event: 4.230 Loading class java/util/Collections$2 done
Event: 4.382 Loading class java/util/function/LongFunction
Event: 4.382 Loading class java/util/function/LongFunction done
Event: 4.478 Loading class java/security/InvalidKeyException
Event: 4.478 Loading class java/security/KeyException
Event: 4.478 Loading class java/security/KeyException done
Event: 4.478 Loading class java/security/InvalidKeyException done

Classes unloaded (0 events):
No events

Classes redefined (0 events):
No events

Internal exceptions (20 events):
Event: 3.314 Thread 0x000001f9df8b57a0 Exception <a 'java/lang/NoSuchMethodError'{0x00000000c68caec8}: static Lorg/gradle/internal/classloader/ClassLoaderSpec;.<clinit>()V> (0x00000000c68caec8) 
thrown [s\src\hotspot\share\prims\jni.cpp, line 1112]
Event: 3.315 Thread 0x000001f9df8b57a0 Exception <a 'java/lang/NoSuchMethodError'{0x00000000c68d4650}: static Lorg/gradle/tooling/internal/provider/serialization/WellKnownClassLoaderRegistry$KnownClassLoaderSpec;.<clinit>()V> (0x00000000c68d4650) 
thrown [s\src\hotspot\share\prims\jni.cpp, line 1112]
Event: 3.317 Thread 0x000001f9df8b57a0 Exception <a 'java/lang/NoSuchMethodError'{0x00000000c68eaa78}: static Lorg/gradle/tooling/internal/provider/serialization/ClientOwnedClassLoaderSpec;.<clinit>()V> (0x00000000c68eaa78) 
thrown [s\src\hotspot\share\prims\jni.cpp, line 1112]
Event: 3.337 Thread 0x000001f9df8b7600 Exception <a 'java/lang/NoSuchMethodError'{0x00000000c6a78868}: 'void java.lang.invoke.DirectMethodHandle$Holder.invokeSpecial(java.lang.Object, java.lang.Object, java.lang.Object)'> (0x00000000c6a78868) 
thrown [s\src\hotspot\share\interpreter\linkResolver.cpp, line 759]
Event: 3.445 Thread 0x000001f9df8b5290 Exception <a 'java/lang/NoSuchMethodError'{0x00000000c6221450}: 'long java.lang.invoke.DirectMethodHandle$Holder.invokeInterface(java.lang.Object, java.lang.Object)'> (0x00000000c6221450) 
thrown [s\src\hotspot\share\interpreter\linkResolver.cpp, line 759]
Event: 3.525 Thread 0x000001f9df8b5290 Exception <a 'java/lang/NoSuchMethodError'{0x00000000c5e6cba0}: 'void java.lang.invoke.DirectMethodHandle$Holder.invokeStatic(java.lang.Object, java.lang.Object)'> (0x00000000c5e6cba0) 
thrown [s\src\hotspot\share\interpreter\linkResolver.cpp, line 759]
Event: 3.575 Thread 0x000001f9df8b5290 Exception <a 'java/lang/NoSuchMethodError'{0x00000000c5c910d8}: 'int java.lang.invoke.DirectMethodHandle$Holder.invokeVirtual(java.lang.Object, java.lang.Object, java.lang.Object)'> (0x00000000c5c910d8) 
thrown [s\src\hotspot\share\interpreter\linkResolver.cpp, line 759]
Event: 3.621 Thread 0x000001f9df8b5290 Exception <a 'java/lang/NoSuchMethodError'{0x00000000c592ad08}: 'java.lang.Object java.lang.invoke.DirectMethodHandle$Holder.newInvokeSpecial(java.lang.Object, java.lang.Object, java.lang.Object, java.lang.Object, java.lang.Object, java.lang.Object)'> (0x00000000c592ad08) 
thrown [s\src\hotspot\share\interpreter\linkResolver.cpp, line 759]
Event: 3.687 Thread 0x000001f9df8b5290 Exception <a 'java/lang/NoSuchMethodError'{0x00000000c5636088}: 'void java.lang.invoke.DelegatingMethodHandle$Holder.reinvoke_L(java.lang.Object, java.lang.Object, java.lang.Object, java.lang.Object, java.lang.Object, java.lang.Object, java.lang.Object, java.lang.Object, java.lang.Object, java.lang.Object)'> (0x00000000c5636088) 
thrown [s\src\hotspot\share\interpreter\linkResolver.cpp, line 759]
Event: 3.687 Thread 0x000001f9df8b5290 Exception <a 'java/lang/NoSuchMethodError'{0x00000000c563e4f8}: 'java.lang.Object java.lang.invoke.DirectMethodHandle$Holder.invokeSpecial(java.lang.Object, java.lang.Object, java.lang.Object, java.lang.Object, java.lang.Object, java.lang.Object, java.lang.Object, java.lang.Object, java.lang.Object, java.lang.Object)'> (0x00000000c563e4f8) 
thrown [s\src\hotspot\share\interpreter\linkResolver.cpp, line 759]
Event: 3.688 Thread 0x000001f9df8b5290 Exception <a 'java/lang/NoSuchMethodError'{0x00000000c5642dc8}: 'java.lang.Object java.lang.invoke.Invokers$Holder.invoker(java.lang.Object, java.lang.Object, java.lang.Object, java.lang.Object, java.lang.Object, java.lang.Object, java.lang.Object, java.lang.Object, java.lang.Object, java.lang.Object)'> (0x00000000c5642dc8) 
thrown [s\src\hotspot\share\interpreter\linkResolver.cpp, line 759]
Event: 3.688 Thread 0x000001f9df8b5290 Exception <a 'java/lang/NoSuchMethodError'{0x00000000c56489d0}: 'java.lang.Object java.lang.invoke.DirectMethodHandle$Holder.invokeSpecial(java.lang.Object, java.lang.Object, java.lang.Object, java.lang.Object, java.lang.Object, java.lang.Object, java.lang.Object, java.lang.Object, java.lang.Object, java.lang.Object, java.lang.Object)'> (0x00000000c56489d0) 
thrown [s\src\hotspot\share\interpreter\linkResolver.cpp, line 759]
Event: 3.891 Thread 0x000001f9df8b5290 Exception <a 'java/lang/NoSuchMethodError'{0x00000000c4e53580}: 'java.lang.Object java.lang.invoke.DirectMethodHandle$Holder.newInvokeSpecial(java.lang.Object, java.lang.Object, int)'> (0x00000000c4e53580) 
thrown [s\src\hotspot\share\interpreter\linkResolver.cpp, line 759]
Event: 4.018 Thread 0x000001f9df8b5290 Exception <a 'java/lang/NoSuchMethodError'{0x00000000c44f9cd8}: 'java.lang.Object java.lang.invoke.DirectMethodHandle$Holder.invokeInterface(java.lang.Object, java.lang.Object, java.lang.Object)'> (0x00000000c44f9cd8) 
thrown [s\src\hotspot\share\interpreter\linkResolver.cpp, line 759]
Event: 4.038 Thread 0x000001f9df8b5290 Exception <a 'java/lang/NoSuchMethodError'{0x00000000c43e12d0}: 'int java.lang.invoke.DirectMethodHandle$Holder.invokeSpecialIFC(java.lang.Object, java.lang.Object, java.lang.Object, java.lang.Object)'> (0x00000000c43e12d0) 
thrown [s\src\hotspot\share\interpreter\linkResolver.cpp, line 759]
Event: 4.040 Thread 0x000001f9df8b5290 Exception <a 'java/lang/IncompatibleClassChangeError'{0x00000000c43f0038}: Found class java.lang.Object, but interface was expected> (0x00000000c43f0038) 
thrown [s\src\hotspot\share\interpreter\linkResolver.cpp, line 826]
Event: 4.091 Thread 0x000001f9df8b5290 Exception <a 'java/lang/NoSuchMethodError'{0x00000000c41f1918}: 'int java.lang.invoke.DirectMethodHandle$Holder.invokeStatic(java.lang.Object, java.lang.Object, java.lang.Object, java.lang.Object)'> (0x00000000c41f1918) 
thrown [s\src\hotspot\share\interpreter\linkResolver.cpp, line 759]
Event: 4.092 Thread 0x000001f9df8b5290 Exception <a 'java/lang/NoSuchMethodError'{0x00000000c41f57e8}: 'java.lang.Object java.lang.invoke.Invokers$Holder.invokeExact_MT(java.lang.Object, java.lang.Object, java.lang.Object, java.lang.Object, java.lang.Object, java.lang.Object)'> (0x00000000c41f57e8) 
thrown [s\src\hotspot\share\interpreter\linkResolver.cpp, line 759]
Event: 4.198 Thread 0x000001f9df8b5290 Exception <a 'java/lang/IncompatibleClassChangeError'{0x00000000c3daef90}: Found class java.lang.Object, but interface was expected> (0x00000000c3daef90) 
thrown [s\src\hotspot\share\interpreter\linkResolver.cpp, line 826]
Event: 4.606 Thread 0x000001f9df8b5290 Exception <a 'java/lang/NoSuchMethodError'{0x00000000c7aa9d90}: 'int java.lang.invoke.DirectMethodHandle$Holder.invokeStaticInit(java.lang.Object, java.lang.Object, java.lang.Object)'> (0x00000000c7aa9d90) 
thrown [s\src\hotspot\share\interpreter\linkResolver.cpp, line 759]

VM Operations (20 events):
Event: 1.883 Executing VM operation: HandshakeAllThreads
Event: 1.883 Executing VM operation: HandshakeAllThreads done
Event: 2.600 Executing VM operation: HandshakeAllThreads
Event: 2.600 Executing VM operation: HandshakeAllThreads done
Event: 2.600 Executing VM operation: Cleanup
Event: 2.600 Executing VM operation: Cleanup done
Event: 2.880 Executing VM operation: HandshakeAllThreads
Event: 2.880 Executing VM operation: HandshakeAllThreads done
Event: 2.983 Executing VM operation: HandshakeAllThreads
Event: 2.983 Executing VM operation: HandshakeAllThreads done
Event: 3.198 Executing VM operation: HandshakeAllThreads
Event: 3.198 Executing VM operation: HandshakeAllThreads done
Event: 3.922 Executing VM operation: ICBufferFull
Event: 3.922 Executing VM operation: ICBufferFull done
Event: 4.172 Executing VM operation: HandshakeAllThreads
Event: 4.172 Executing VM operation: HandshakeAllThreads done
Event: 4.172 Executing VM operation: HandshakeAllThreads
Event: 4.172 Executing VM operation: HandshakeAllThreads done
Event: 4.455 Executing VM operation: G1CollectForAllocation
Event: 4.465 Executing VM operation: G1CollectForAllocation done

Memory protections (0 events):
No events

Nmethod flushes (0 events):
No events

Events (20 events):
Event: 0.043 Thread 0x000001f9c37d21e0 Thread added: 0x000001f9df685740
Event: 0.043 Thread 0x000001f9c37d21e0 Thread added: 0x000001f9df686920
Event: 0.043 Thread 0x000001f9c37d21e0 Thread added: 0x000001f9df691a10
Event: 0.061 Thread 0x000001f9c37d21e0 Thread added: 0x000001f9df8b61c0
Event: 0.111 Thread 0x000001f9c37d21e0 Thread added: 0x000001f9df8b4360
Event: 0.197 Thread 0x000001f9df686920 Thread added: 0x000001f9dfa6f400
Event: 1.846 Thread 0x000001f9c37d21e0 Thread added: 0x000001f9df8b6be0
Event: 2.110 Thread 0x000001f9dfa6f400 Thread exited: 0x000001f9dfa6f400
Event: 3.077 Thread 0x000001f9c37d21e0 Thread added: 0x000001f9df8b7b10
Event: 3.164 Thread 0x000001f9c37d21e0 Thread added: 0x000001f9df8b4870
Event: 3.242 Thread 0x000001f9df8b7b10 Thread added: 0x000001f9df8b7600
Event: 3.246 Thread 0x000001f9df8b7600 Thread added: 0x000001f9df8b57a0
Event: 3.331 Thread 0x000001f9df8b7600 Thread added: 0x000001f9df8b5cb0
Event: 3.337 Thread 0x000001f9df8b7600 Thread added: 0x000001f9df8b5290
Event: 3.362 Thread 0x000001f9df8b5290 Thread added: 0x000001f9df8b66d0
Event: 3.366 Thread 0x000001f9df8b5290 Thread added: 0x000001f9f3700c30
Event: 3.369 Thread 0x000001f9df8b5290 Thread added: 0x000001f9f36ff2e0
Event: 3.889 Thread 0x000001f9df8b5290 Thread added: 0x000001f9f3701140
Event: 3.900 Thread 0x000001f9df8b5290 Thread added: 0x000001f9f36ff7f0
Event: 3.940 Thread 0x000001f9df8b5290 Thread added: 0x000001f9f37048f0


Dynamic libraries:
0x00007ff6a6b90000 - 0x00007ff6a6b9e000 	C:\Program Files\Eclipse Adoptium\jdk-17.0.17.10-hotspot\bin\java.exe
0x00007ff98e770000 - 0x00007ff98e968000 	C:\Windows\SYSTEM32\ntdll.dll
0x00007ff98d9a0000 - 0x00007ff98da62000 	C:\Windows\System32\KERNEL32.DLL
0x00007ff98be80000 - 0x00007ff98c176000 	C:\Windows\System32\KERNELBASE.dll
0x00007ff98c4b0000 - 0x00007ff98c5b0000 	C:\Windows\System32\ucrtbase.dll
0x00007ff97b850000 - 0x00007ff97b868000 	C:\Program Files\Eclipse Adoptium\jdk-17.0.17.10-hotspot\bin\jli.dll
0x00007ff984300000 - 0x00007ff98431e000 	C:\Program Files\Eclipse Adoptium\jdk-17.0.17.10-hotspot\bin\VCRUNTIME140.dll
0x00007ff98c790000 - 0x00007ff98c931000 	C:\Windows\System32\USER32.dll
0x00007ff98c6e0000 - 0x00007ff98c702000 	C:\Windows\System32\win32u.dll
0x00007ff9753b0000 - 0x00007ff97564b000 	C:\Windows\WinSxS\amd64_microsoft.windows.common-controls_6595b64144ccf1df_6.0.19041.6456_none_60b8a6cb71f64256\COMCTL32.dll
0x00007ff98e230000 - 0x00007ff98e25b000 	C:\Windows\System32\GDI32.dll
0x00007ff98e5a0000 - 0x00007ff98e63e000 	C:\Windows\System32\msvcrt.dll
0x00007ff98c230000 - 0x00007ff98c349000 	C:\Windows\System32\gdi32full.dll
0x00007ff98c5b0000 - 0x00007ff98c64d000 	C:\Windows\System32\msvcp_win.dll
0x00007ff98e640000 - 0x00007ff98e66f000 	C:\Windows\System32\IMM32.DLL
0x00007ff9757a0000 - 0x00007ff9757ac000 	C:\Program Files\Eclipse Adoptium\jdk-17.0.17.10-hotspot\bin\vcruntime140_1.dll
0x00007ff967610000 - 0x00007ff96769d000 	C:\Program Files\Eclipse Adoptium\jdk-17.0.17.10-hotspot\bin\msvcp140.dll
0x00007ff952790000 - 0x00007ff9533fb000 	C:\Program Files\Eclipse Adoptium\jdk-17.0.17.10-hotspot\bin\server\jvm.dll
0x00007ff98e670000 - 0x00007ff98e721000 	C:\Windows\System32\ADVAPI32.dll
0x00007ff98df40000 - 0x00007ff98dfdf000 	C:\Windows\System32\sechost.dll
0x00007ff98d110000 - 0x00007ff98d230000 	C:\Windows\System32\RPCRT4.dll
0x00007ff98c710000 - 0x00007ff98c737000 	C:\Windows\System32\bcrypt.dll
0x00007ff98dfe0000 - 0x00007ff98e04b000 	C:\Windows\System32\WS2_32.dll
0x00007ff98bc60000 - 0x00007ff98bcab000 	C:\Windows\SYSTEM32\POWRPROF.dll
0x00007ff986f70000 - 0x00007ff986f7a000 	C:\Windows\SYSTEM32\VERSION.dll
0x00007ff95e170000 - 0x00007ff95e197000 	C:\Windows\SYSTEM32\WINMM.dll
0x00007ff98bc40000 - 0x00007ff98bc52000 	C:\Windows\SYSTEM32\UMPDC.dll
0x00007ff989c30000 - 0x00007ff989c42000 	C:\Windows\SYSTEM32\kernel.appcore.dll
0x00007ff975790000 - 0x00007ff97579a000 	C:\Program Files\Eclipse Adoptium\jdk-17.0.17.10-hotspot\bin\jimage.dll
0x00007ff9853c0000 - 0x00007ff9855c1000 	C:\Windows\SYSTEM32\DBGHELP.DLL
0x00007ff985170000 - 0x00007ff9851a4000 	C:\Windows\SYSTEM32\dbgcore.DLL
0x00007ff98c650000 - 0x00007ff98c6d2000 	C:\Windows\System32\bcryptPrimitives.dll
0x00007ff9855f0000 - 0x00007ff9855fe000 	C:\Program Files\Eclipse Adoptium\jdk-17.0.17.10-hotspot\bin\instrument.dll
0x00007ff9675e0000 - 0x00007ff967605000 	C:\Program Files\Eclipse Adoptium\jdk-17.0.17.10-hotspot\bin\java.dll
0x00007ff967500000 - 0x00007ff9675d7000 	C:\Program Files\Eclipse Adoptium\jdk-17.0.17.10-hotspot\bin\jsvml.dll
0x00007ff98d230000 - 0x00007ff98d9a0000 	C:\Windows\System32\SHELL32.dll
0x00007ff989e30000 - 0x00007ff98a5d5000 	C:\Windows\SYSTEM32\windows.storage.dll
0x00007ff98c960000 - 0x00007ff98ccb4000 	C:\Windows\System32\combase.dll
0x00007ff98b670000 - 0x00007ff98b69b000 	C:\Windows\SYSTEM32\Wldp.dll
0x00007ff98ce30000 - 0x00007ff98cefd000 	C:\Windows\System32\OLEAUT32.dll
0x00007ff98ccc0000 - 0x00007ff98cd6d000 	C:\Windows\System32\SHCORE.dll
0x00007ff98e050000 - 0x00007ff98e0ab000 	C:\Windows\System32\shlwapi.dll
0x00007ff98bd30000 - 0x00007ff98bd54000 	C:\Windows\SYSTEM32\profapi.dll
0x00007ff96b130000 - 0x00007ff96b148000 	C:\Program Files\Eclipse Adoptium\jdk-17.0.17.10-hotspot\bin\zip.dll
0x00007ff9756f0000 - 0x00007ff97570a000 	C:\Program Files\Eclipse Adoptium\jdk-17.0.17.10-hotspot\bin\net.dll
0x00007ff984aa0000 - 0x00007ff984baa000 	C:\Windows\SYSTEM32\WINHTTP.dll
0x00007ff98b450000 - 0x00007ff98b4ba000 	C:\Windows\system32\mswsock.dll
0x00007ff974dc0000 - 0x00007ff974dd6000 	C:\Program Files\Eclipse Adoptium\jdk-17.0.17.10-hotspot\bin\nio.dll
0x00007ff966f90000 - 0x00007ff966fa0000 	C:\Program Files\Eclipse Adoptium\jdk-17.0.17.10-hotspot\bin\verify.dll
0x00007ff966c70000 - 0x00007ff966c97000 	C:\Users\youbitech\.gradle\native\1def1411415f61bf3af743bc5b6707747c0891f09f0c88961ee8f79bc544acac\windows-amd64\native-platform.dll
0x00007ff94f8d0000 - 0x00007ff94f948000 	C:\Users\youbitech\.gradle\native\0.2.7\x86_64-windows-gnu\gradle-fileevents.dll
0x00007ff966f60000 - 0x00007ff966f6a000 	C:\Program Files\Eclipse Adoptium\jdk-17.0.17.10-hotspot\bin\management.dll
0x00007ff962300000 - 0x00007ff96230c000 	C:\Program Files\Eclipse Adoptium\jdk-17.0.17.10-hotspot\bin\management_ext.dll
0x00007ff98e1a0000 - 0x00007ff98e1a8000 	C:\Windows\System32\PSAPI.DLL
0x00007ff98b150000 - 0x00007ff98b18b000 	C:\Windows\SYSTEM32\IPHLPAPI.DLL
0x00007ff98e260000 - 0x00007ff98e268000 	C:\Windows\System32\NSI.dll
0x00007ff985950000 - 0x00007ff985967000 	C:\Windows\SYSTEM32\dhcpcsvc6.DLL
0x00007ff985f70000 - 0x00007ff985f8d000 	C:\Windows\SYSTEM32\dhcpcsvc.DLL
0x00007ff98b190000 - 0x00007ff98b25a000 	C:\Windows\SYSTEM32\DNSAPI.dll
0x00007ff966f70000 - 0x00007ff966f79000 	C:\Program Files\Eclipse Adoptium\jdk-17.0.17.10-hotspot\bin\extnet.dll
0x00007ff98b6a0000 - 0x00007ff98b6b8000 	C:\Windows\SYSTEM32\CRYPTSP.dll
0x00007ff98ad90000 - 0x00007ff98adc8000 	C:\Windows\system32\rsaenh.dll
0x00007ff98bcf0000 - 0x00007ff98bd1e000 	C:\Windows\SYSTEM32\USERENV.dll
0x00007ff98b5e0000 - 0x00007ff98b5ec000 	C:\Windows\SYSTEM32\CRYPTBASE.dll
0x00007ff966f80000 - 0x00007ff966f8e000 	C:\Program Files\Eclipse Adoptium\jdk-17.0.17.10-hotspot\bin\sunmscapi.dll
0x00007ff98c350000 - 0x00007ff98c4ad000 	C:\Windows\System32\CRYPT32.dll
0x00007ff98b830000 - 0x00007ff98b857000 	C:\Windows\SYSTEM32\ncrypt.dll
0x00007ff98b7f0000 - 0x00007ff98b82b000 	C:\Windows\SYSTEM32\NTASN1.dll
0x00007ff95a820000 - 0x00007ff95a827000 	C:\Windows\system32\wshunix.dll

dbghelp: loaded successfully - version: 4.0.5 - missing functions: none
symbol engine: initialized successfully - sym options: 0x614 - pdb path: .;C:\Program Files\Eclipse Adoptium\jdk-17.0.17.10-hotspot\bin;C:\Windows\SYSTEM32;C:\Windows\WinSxS\amd64_microsoft.windows.common-controls_6595b64144ccf1df_6.0.19041.6456_none_60b8a6cb71f64256;C:\Program Files\Eclipse Adoptium\jdk-17.0.17.10-hotspot\bin\server;C:\Users\youbitech\.gradle\native\1def1411415f61bf3af743bc5b6707747c0891f09f0c88961ee8f79bc544acac\windows-amd64;C:\Users\youbitech\.gradle\native\0.2.7\x86_64-windows-gnu

VM Arguments:
jvm_args: --add-opens=java.base/java.lang=ALL-UNNAMED --add-opens=java.base/java.lang.invoke=ALL-UNNAMED --add-opens=java.base/java.util=ALL-UNNAMED --add-opens=java.prefs/java.util.prefs=ALL-UNNAMED --add-exports=jdk.compiler/com.sun.tools.javac.api=ALL-UNNAMED --add-exports=jdk.compiler/com.sun.tools.javac.util=ALL-UNNAMED --add-opens=java.base/java.util=ALL-UNNAMED --add-opens=java.prefs/java.util.prefs=ALL-UNNAMED --add-opens=java.base/java.nio.charset=ALL-UNNAMED --add-opens=java.base/java.net=ALL-UNNAMED --add-opens=java.base/java.util.concurrent.atomic=ALL-UNNAMED --add-opens=java.xml/javax.xml.namespace=ALL-UNNAMED -XX:MaxMetaspaceSize=256m -Xms128m -Xmx1024m -Dfile.encoding=UTF-8 -Duser.country=FR -Duser.language=fr -Duser.variant -javaagent:C:\Users\youbitech\.gradle\wrapper\dists\gradle-8.13-bin\5xuhj0ry160q40clulazy9h7d\gradle-8.13\lib\agents\gradle-instrumentation-agent-8.13.jar 
java_command: org.gradle.launcher.daemon.bootstrap.GradleDaemon 8.13
java_class_path (initial): C:\Users\youbitech\.gradle\wrapper\dists\gradle-8.13-bin\5xuhj0ry160q40clulazy9h7d\gradle-8.13\lib\gradle-daemon-main-8.13.jar
Launcher Type: SUN_STANDARD

[Global flags]
     intx CICompilerCount                          = 4                                         {product} {ergonomic}
   size_t CompressedClassSpaceSize                 = 218103808                                 {product} {ergonomic}
     uint ConcGCThreads                            = 2                                         {product} {ergonomic}
     uint G1ConcRefinementThreads                  = 8                                         {product} {ergonomic}
   size_t G1HeapRegionSize                         = 1048576                                   {product} {ergonomic}
    uintx GCDrainStackTargetSize                   = 64                                        {product} {ergonomic}
   size_t InitialHeapSize                          = 134217728                                 {product} {command line}
   size_t MarkStackSize                            = 4194304                                   {product} {ergonomic}
   size_t MaxHeapSize                              = 1073741824                                {product} {command line}
   size_t MaxMetaspaceSize                         = 268435456                                 {product} {command line}
   size_t MaxNewSize                               = 643825664                                 {product} {ergonomic}
   size_t MinHeapDeltaBytes                        = 1048576                                   {product} {ergonomic}
   size_t MinHeapSize                              = 134217728                                 {product} {command line}
    uintx NonNMethodCodeHeapSize                   = 5839372                                {pd product} {ergonomic}
    uintx NonProfiledCodeHeapSize                  = 122909434                              {pd product} {ergonomic}
    uintx ProfiledCodeHeapSize                     = 122909434                              {pd product} {ergonomic}
    uintx ReservedCodeCacheSize                    = 251658240                              {pd product} {ergonomic}
     bool SegmentedCodeCache                       = true                                      {product} {ergonomic}
   size_t SoftMaxHeapSize                          = 1073741824                             {manageable} {ergonomic}
     bool UseCompressedClassPointers               = true                           {product lp64_product} {ergonomic}
     bool UseCompressedOops                        = true                           {product lp64_product} {ergonomic}
     bool UseG1GC                                  = true                                      {product} {ergonomic}
     bool UseLargePagesIndividualAllocation        = false                                  {pd product} {ergonomic}

Logging:
Log output configuration:
 #0: stdout all=warning uptime,level,tags
 #1: stderr all=off uptime,level,tags

Environment Variables:
JAVA_HOME=C:\Program Files\Eclipse Adoptium\jdk-17.0.17.10-hotspot
PATH=C:\Program Files\Eclipse Adoptium\jdk-17.0.17.10-hotspot\bin;C:\sonarqube-25.11.0.114957\bin;%JAVA_HOME%\bin;C:\Users\youbitech\Desktop\sonar-scanner-7.3.0.5189-windows-x64\bin;C:\Program Files\Eclipse Adoptium\jdk-25.0.0.36-hotspot\bin;C:\Windows\system32;C:\Windows;C:\Windows\System32\Wbem;C:\Windows\System32\WindowsPowerShell\v1.0\;C:\Windows\System32\OpenSSH\;C:\Users\youbitech\Downloads\apache-maven-3.9.11\bin;C:\Program Files\Git\cmd;C:\Program Files\Docker\Docker\resources\bin;C:\Program Files\nodejs\;C:\Users\youbitech\Downloads\flutter\bin;C:\Users\youbitech\Desktop\sonar-scanner-7.3.0.5189-windows-x64\bin;C:\Program Files\Eclipse Adoptium\jdk-17.0.17.10-hotspot\bin;C:\Program Files\Eclipse Adoptium\jdk-17.0.17.10-hotspot\bin;C:\sonarqube-25.11.0.114957\bin;C:\Users\youbitech\Desktop\sonar-scanner-7.3.0.5189-windows-x64\bin;C:\Program Files\Eclipse Adoptium\jdk-25.0.0.36-hotspot\bin;C:\Windows\system32;C:\Windows;C:\Windows\System32\Wbem;C:\Windows\System32\WindowsPowerShell\v1.0\;C:\Windows\System32\OpenSSH\;C:\Users\youbitech\Downloads\apache-maven-3.9.11\bin;C:\Program Files\Git\cmd;C:\Program Files\Docker\Docker\resources\bin;C:\Program Files\nodejs\;C:\Users\youbitech\Downloads\flutter\bin;C:\Users\youbitech\Desktop\sonar-scanner-7.3.0.5189-windows-x64\bin;C:\Users\youbitech\AppData\Local\Microsoft\WindowsApps;C:\Users\youbitech\AppData\Local\Programs\Microsoft VS Code\bin;C:\Users\youbitech\AppData\Roaming\npm;C:\Users\youbitech\AppData\Local\Programs\Windsurf\bin;C:\Users\youbitech\AppData\Local\Programs\cursor\resources\app\bin;C:\Users\youbitech\AppData\Local\Pandoc\;C:\Users\youbitech\AppData\Local\Python\bin;C:\Users\youbitech\AppData\Roaming\Pub\Cache\bin;C:\Users\youbitech\AppData\Local\Pub\Cache\bin;
USERNAME=youbitech
OS=Windows_NT
PROCESSOR_IDENTIFIER=Intel64 Family 6 Model 142 Stepping 10, GenuineIntel
TMP=C:\Users\YOUBIT~1\AppData\Local\Temp
TEMP=C:\Users\YOUBIT~1\AppData\Local\Temp



Periodic native trim disabled


---------------  S Y S T E M  ---------------

OS:
 Windows 10 , 64 bit Build 19041 (10.0.19041.5915)
OS uptime: 2 days 7:30 hours
Hyper-V role detected

CPU: total 8 (initial active 8) (4 cores per cpu, 2 threads per core) family 6 model 142 stepping 10 microcode 0xf6, cx8, cmov, fxsr, ht, mmx, 3dnowpref, sse, sse2, sse3, ssse3, sse4.1, sse4.2, popcnt, lzcnt, tsc, tscinvbit, avx, avx2, aes, erms, clmul, bmi1, bmi2, adx, fma, vzeroupper, clflush, clflushopt, hv
Processor Information for all 8 processors :
  Max Mhz: 1800, Current Mhz: 1600, Mhz Limit: 1584

Memory: 4k page, system-wide physical 8035M (233M free)
TotalPageFile size 32611M (AvailPageFile size 2M)
current process WorkingSet (physical memory assigned to process): 202M, peak: 205M
current process commit charge ("private bytes"): 282M, peak: 285M

vm_info: OpenJDK 64-Bit Server VM (17.0.17+10) for windows-amd64 JRE (17.0.17+10), built on Oct 21 2025 23:25:32 by "admin" with unknown MS VC++:1942

END.
