#
# There is insufficient memory for the Java Runtime Environment to continue.
# Native memory allocation (mmap) failed to map 132120576 bytes. Error detail: G1 virtual space
# Possible reasons:
#   The system is out of physical RAM or swap space
#   This process is running with CompressedOops enabled, and the Java Heap may be blocking the growth of the native heap
# Possible solutions:
#   Reduce memory load on the system
#   Increase physical memory or swap space
#   Check if swap backing store is full
#   Decrease Java heap size (-Xmx/-Xms)
#   Decrease number of Java threads
#   Decrease Java thread stack sizes (-Xss)
#   Set larger code cache with -XX:ReservedCodeCacheSize=
#   JVM is running with Unscaled Compressed Oops mode in which the Java heap is
#     placed in the first 4GB address space. The Java Heap base address is the
#     maximum limit for the native heap growth. Please use -XX:HeapBaseMinAddress
#     to set the Java Heap base and to place the Java Heap above 4GB virtual address.
# This output file may be truncated or incomplete.
#
#  Out of Memory Error (os_windows.cpp:3618), pid=22432, tid=23772
#
# JRE version:  (17.0.17+10) (build )
# Java VM: OpenJDK 64-Bit Server VM (17.0.17+10, mixed mode, sharing, tiered, compressed oops, compressed class ptrs, g1 gc, windows-amd64)
# No core dump will be written. Minidumps are not enabled by default on client versions of Windows
#

---------------  S U M M A R Y ------------

Command Line: -Dcom.sun.xml.ws.transport.http.HttpAdapter.dump=true --add-opens=java.base/jdk.internal.misc=ALL-UNNAMED --add-opens=java.base/java.lang=ALL-UNNAMED --add-opens=java.base/java.lang.reflect=ALL-UNNAMED --add-opens=java.xml/javax.xml.namespace=ALL-UNNAMED --add-opens=java.base/java.io=ALL-UNNAMED --add-opens=java.base/java.nio=ALL-UNNAMED --add-opens=java.base/java.net=ALL-UNNAMED --add-opens=java.base/java.util=ALL-UNNAMED --add-opens=java.logging/java.util.logging=ALL-UNNAMED -Dfile.encoding=UTF-8 -Duser.country=FR -Duser.language=fr -Duser.variant ma.projet.server.ServerJWS

Host: Intel(R) Core(TM) i5-8250U CPU @ 1.60GHz, 8 cores, 7G,  Windows 10 , 64 bit Build 19041 (10.0.19041.5915)
Time: Fri Nov 21 23:32:25 2025 GMT elapsed time: 0.013225 seconds (0d 0h 0m 0s)

---------------  T H R E A D  ---------------

Current thread (0x00000146ab067f40):  JavaThread "Unknown thread" [_thread_in_vm, id=23772, stack(0x0000000100600000,0x0000000100700000)]

Stack: [0x0000000100600000,0x0000000100700000]
Native frames: (J=compiled Java code, j=interpreted, Vv=VM code, C=native code)
V  [jvm.dll+0x683fb9]
V  [jvm.dll+0x83a1b5]
V  [jvm.dll+0x83bc2e]
V  [jvm.dll+0x83c2b3]
V  [jvm.dll+0x248eff]
V  [jvm.dll+0x680d79]
V  [jvm.dll+0x675b7a]
V  [jvm.dll+0x3091a7]
V  [jvm.dll+0x310776]
V  [jvm.dll+0x360bbe]
V  [jvm.dll+0x360dfd]
V  [jvm.dll+0x2e022c]
V  [jvm.dll+0x2e1138]
V  [jvm.dll+0x80c6cb]
V  [jvm.dll+0x36e841]
V  [jvm.dll+0x7eb2a5]
V  [jvm.dll+0x3f444b]
V  [jvm.dll+0x3f5f31]
C  [jli.dll+0x52d0]
C  [ucrtbase.dll+0x21bb2]
C  [KERNEL32.DLL+0x17374]
C  [ntdll.dll+0x4cc91]


---------------  P R O C E S S  ---------------

Threads class SMR info:
_java_thread_list=0x00007ff9532c7f58, length=0, elements={
}

Java Threads: ( => current thread )

Other Threads:
  0x00000146ab0c3a10 GCTaskThread "GC Thread#0" [stack: 0x0000000100700000,0x0000000100800000] [id=16332]
  0x00000146ab0d43b0 ConcurrentGCThread "G1 Main Marker" [stack: 0x0000000100800000,0x0000000100900000] [id=19928]
  0x00000146ab0d4ce0 ConcurrentGCThread "G1 Conc#0" [stack: 0x0000000100900000,0x0000000100a00000] [id=26340]

[error occurred during error reporting (printing all threads), id 0xc0000005, EXCEPTION_ACCESS_VIOLATION (0xc0000005) at pc=0x00007ff952a80d57]

VM state: not at safepoint (not fully initialized)

VM Mutex/Monitor currently owned by a thread:  ([mutex/lock_event])
[0x00000146ab063c20] Heap_lock - owner thread: 0x00000146ab067f40

Heap address: 0x0000000082600000, size: 2010 MB, Compressed Oops mode: 32-bit

CDS archive(s) mapped at: [0x0000000000000000-0x0000000000000000-0x0000000000000000), size 0, SharedBaseAddress: 0x0000000800000000, ArchiveRelocationMode: 1.
Narrow klass base: 0x0000000000000000, Narrow klass shift: 0, Narrow klass range: 0x0

GC Precious Log:
<Empty>

Heap:
 garbage-first heap   total 0K, used 0K [0x0000000082600000, 0x0000000100000000)
  region size 1024K, 0 young (0K), 0 survivors (0K)

[error occurred during error reporting (printing heap information), id 0xc0000005, EXCEPTION_ACCESS_VIOLATION (0xc0000005) at pc=0x00007ff952e6d5c9]

GC Heap History (0 events):
No events

Dll operation events (1 events):
Event: 0.007 Loaded shared library C:\Program Files\Eclipse Adoptium\jdk-17.0.17.10-hotspot\bin\java.dll

Deoptimization events (0 events):
No events

Classes loaded (0 events):
No events

Classes unloaded (0 events):
No events

Classes redefined (0 events):
No events

Internal exceptions (0 events):
No events

VM Operations (0 events):
No events

Memory protections (0 events):
No events

Nmethod flushes (0 events):
No events

Events (0 events):
No events


Dynamic libraries:
0x00007ff6a6b90000 - 0x00007ff6a6b9e000 	C:\Program Files\Eclipse Adoptium\jdk-17.0.17.10-hotspot\bin\java.exe
0x00007ff98e770000 - 0x00007ff98e968000 	C:\Windows\SYSTEM32\ntdll.dll
0x00007ff98d9a0000 - 0x00007ff98da62000 	C:\Windows\System32\KERNEL32.DLL
0x00007ff98be80000 - 0x00007ff98c176000 	C:\Windows\System32\KERNELBASE.dll
0x00007ff98c4b0000 - 0x00007ff98c5b0000 	C:\Windows\System32\ucrtbase.dll
0x00007ff984300000 - 0x00007ff98431e000 	C:\Program Files\Eclipse Adoptium\jdk-17.0.17.10-hotspot\bin\VCRUNTIME140.dll
0x00007ff97b850000 - 0x00007ff97b868000 	C:\Program Files\Eclipse Adoptium\jdk-17.0.17.10-hotspot\bin\jli.dll
0x00007ff98c790000 - 0x00007ff98c931000 	C:\Windows\System32\USER32.dll
0x00007ff9753b0000 - 0x00007ff97564b000 	C:\Windows\WinSxS\amd64_microsoft.windows.common-controls_6595b64144ccf1df_6.0.19041.6456_none_60b8a6cb71f64256\COMCTL32.dll
0x00007ff98c6e0000 - 0x00007ff98c702000 	C:\Windows\System32\win32u.dll
0x00007ff98e5a0000 - 0x00007ff98e63e000 	C:\Windows\System32\msvcrt.dll
0x00007ff98e230000 - 0x00007ff98e25b000 	C:\Windows\System32\GDI32.dll
0x00007ff98c230000 - 0x00007ff98c349000 	C:\Windows\System32\gdi32full.dll
0x00007ff98c5b0000 - 0x00007ff98c64d000 	C:\Windows\System32\msvcp_win.dll
0x00007ff98e640000 - 0x00007ff98e66f000 	C:\Windows\System32\IMM32.DLL
0x00007ff9757a0000 - 0x00007ff9757ac000 	C:\Program Files\Eclipse Adoptium\jdk-17.0.17.10-hotspot\bin\vcruntime140_1.dll
0x00007ff967610000 - 0x00007ff96769d000 	C:\Program Files\Eclipse Adoptium\jdk-17.0.17.10-hotspot\bin\msvcp140.dll
0x00007ff952790000 - 0x00007ff9533fb000 	C:\Program Files\Eclipse Adoptium\jdk-17.0.17.10-hotspot\bin\server\jvm.dll
0x00007ff98e670000 - 0x00007ff98e721000 	C:\Windows\System32\ADVAPI32.dll
0x00007ff98df40000 - 0x00007ff98dfdf000 	C:\Windows\System32\sechost.dll
0x00007ff98d110000 - 0x00007ff98d230000 	C:\Windows\System32\RPCRT4.dll
0x00007ff98c710000 - 0x00007ff98c737000 	C:\Windows\System32\bcrypt.dll
0x00007ff98dfe0000 - 0x00007ff98e04b000 	C:\Windows\System32\WS2_32.dll
0x00007ff98bc60000 - 0x00007ff98bcab000 	C:\Windows\SYSTEM32\POWRPROF.dll
0x00007ff95e170000 - 0x00007ff95e197000 	C:\Windows\SYSTEM32\WINMM.dll
0x00007ff986f70000 - 0x00007ff986f7a000 	C:\Windows\SYSTEM32\VERSION.dll
0x00007ff98bc40000 - 0x00007ff98bc52000 	C:\Windows\SYSTEM32\UMPDC.dll
0x00007ff989c30000 - 0x00007ff989c42000 	C:\Windows\SYSTEM32\kernel.appcore.dll
0x00007ff975790000 - 0x00007ff97579a000 	C:\Program Files\Eclipse Adoptium\jdk-17.0.17.10-hotspot\bin\jimage.dll
0x00007ff9853c0000 - 0x00007ff9855c1000 	C:\Windows\SYSTEM32\DBGHELP.DLL
0x00007ff985170000 - 0x00007ff9851a4000 	C:\Windows\SYSTEM32\dbgcore.DLL
0x00007ff98c650000 - 0x00007ff98c6d2000 	C:\Windows\System32\bcryptPrimitives.dll
0x00007ff9675e0000 - 0x00007ff967605000 	C:\Program Files\Eclipse Adoptium\jdk-17.0.17.10-hotspot\bin\java.dll

dbghelp: loaded successfully - version: 4.0.5 - missing functions: none
symbol engine: initialized successfully - sym options: 0x614 - pdb path: .;C:\Program Files\Eclipse Adoptium\jdk-17.0.17.10-hotspot\bin;C:\Windows\SYSTEM32;C:\Windows\WinSxS\amd64_microsoft.windows.common-controls_6595b64144ccf1df_6.0.19041.6456_none_60b8a6cb71f64256;C:\Program Files\Eclipse Adoptium\jdk-17.0.17.10-hotspot\bin\server

VM Arguments:
jvm_args: -Dcom.sun.xml.ws.transport.http.HttpAdapter.dump=true --add-opens=java.base/jdk.internal.misc=ALL-UNNAMED --add-opens=java.base/java.lang=ALL-UNNAMED --add-opens=java.base/java.lang.reflect=ALL-UNNAMED --add-opens=java.xml/javax.xml.namespace=ALL-UNNAMED --add-opens=java.base/java.io=ALL-UNNAMED --add-opens=java.base/java.nio=ALL-UNNAMED --add-opens=java.base/java.net=ALL-UNNAMED --add-opens=java.base/java.util=ALL-UNNAMED --add-opens=java.logging/java.util.logging=ALL-UNNAMED -Dfile.encoding=UTF-8 -Duser.country=FR -Duser.language=fr -Duser.variant 
java_command: ma.projet.server.ServerJWS
java_class_path (initial): C:\Users\youbitech\AndroidStudioProjects\SOAPCompteApp\server\build\classes\java\main;C:\Users\youbitech\AndroidStudioProjects\SOAPCompteApp\server\build\resources\main;C:\Users\youbitech\.gradle\caches\modules-2\files-2.1\com.sun.xml.ws\jaxws-rt\2.3.3\7a682d487b97cf22213fe9bc8d6f36044f5629e8\jaxws-rt-2.3.3.jar;C:\Users\youbitech\.gradle\caches\modules-2\files-2.1\com.sun.xml.ws\policy\2.7.10\bb625b47077e7d5a1cee739809770ef21686f1d0\policy-2.7.10.jar;C:\Users\youbitech\.gradle\caches\modules-2\files-2.1\com.sun.xml.bind\jaxb-impl\2.3.3\3758e8c1664979749e647a9ca8c7ea1cd83c9b1e\jaxb-impl-2.3.3.jar;C:\Users\youbitech\.gradle\caches\modules-2\files-2.1\org.glassfish.ha\ha-api\3.1.12\59fbeca6cc196da8159e4957eabe49f23d1e691a\ha-api-3.1.12.jar;C:\Users\youbitech\.gradle\caches\modules-2\files-2.1\org.glassfish.external\management-api\3.2.2\722d59d719fbfe32635b8c7988fae457d3baec0f\management-api-3.2.2.jar;C:\Users\youbitech\.gradle\caches\modules-2\files-2.1\org.glassfish.gmbal\gmbal\4.0.1\517a7283b221161914f344013f830d7c5f8224dc\gmbal-4.0.1.jar;C:\Users\youbitech\.gradle\caches\modules-2\files-2.1\org.glassfish.pfl\pfl-tf\4.1.0\a4c43707fccbb7124ef8446b08cf44f67ef49123\pfl-tf-4.1.0.jar;C:\Users\youbitech\.gradle\caches\modules-2\files-2.1\org.glassfish.pfl\pfl-basic\4.1.0\4088e61ee9cdaa7f5b1bb62d2ac7c93e114f45d5\pfl-basic-4.1.0.jar;C:\Users\youbitech\.gradle\caches\modules-2\files-2.1\com.sun.xml.stream.buffer\streambuffer\1.5.9\733a10be51d993b85a3c2219cce1d478a9690d61\streambuffer-1.5.9.jar;C:\Users\youbitech\.gradle\caches\modules-2\files-2.1\com.sun.xml.messaging.saaj\saaj-impl\1.5.2\21d07203e7d212681034c188ca3c6108212d526b\saaj-impl-1.5.2.jar;C:\Users\youbitech\.gradle\caches\modules-2\files-2.1\org.jvnet.staxex\stax-ex\1.8.3\4d69b68ee007aa15238cd4477392068b32747df3\stax-ex-1.8.3.jar;C:\Users\youbitech\.gradle\caches\modules-2\files-2.1\org.jvnet.mimepull\mimepull\1.9.13\a4f12d0da986cae55dd5c4a735b4fefc700eb266\mimepull-1.9.13.jar;C:\Users\y
Launcher Type: SUN_STANDARD

[Global flags]
     intx CICompilerCount                          = 4                                         {product} {ergonomic}
     uint ConcGCThreads                            = 2                                         {product} {ergonomic}
     uint G1ConcRefinementThreads                  = 8                                         {product} {ergonomic}
   size_t G1HeapRegionSize                         = 1048576                                   {product} {ergonomic}
    uintx GCDrainStackTargetSize                   = 64                                        {product} {ergonomic}
   size_t InitialHeapSize                          = 132120576                                 {product} {ergonomic}
   size_t MarkStackSize                            = 4194304                                   {product} {ergonomic}
   size_t MaxHeapSize                              = 2107637760                                {product} {ergonomic}
   size_t MinHeapDeltaBytes                        = 1048576                                   {product} {ergonomic}
   size_t MinHeapSize                              = 8388608                                   {product} {ergonomic}
    uintx NonNMethodCodeHeapSize                   = 5839372                                {pd product} {ergonomic}
    uintx NonProfiledCodeHeapSize                  = 122909434                              {pd product} {ergonomic}
    uintx ProfiledCodeHeapSize                     = 122909434                              {pd product} {ergonomic}
    uintx ReservedCodeCacheSize                    = 251658240                              {pd product} {ergonomic}
     bool SegmentedCodeCache                       = true                                      {product} {ergonomic}
   size_t SoftMaxHeapSize                          = 2107637760                             {manageable} {ergonomic}
     bool UseCompressedClassPointers               = true                           {product lp64_product} {ergonomic}
     bool UseCompressedOops                        = true                           {product lp64_product} {ergonomic}
     bool UseG1GC                                  = true                                      {product} {ergonomic}
     bool UseLargePagesIndividualAllocation        = false                                  {pd product} {ergonomic}

Logging:
Log output configuration:
 #0: stdout all=warning uptime,level,tags
 #1: stderr all=off uptime,level,tags

Environment Variables:
JAVA_HOME=C:\Program Files\Eclipse Adoptium\jdk-17.0.17.10-hotspot
PATH=C:\Program Files\Eclipse Adoptium\jdk-17.0.17.10-hotspot\bin;C:\sonarqube-25.11.0.114957\bin;%JAVA_HOME%\bin;C:\Users\youbitech\Desktop\sonar-scanner-7.3.0.5189-windows-x64\bin;C:\Program Files\Eclipse Adoptium\jdk-25.0.0.36-hotspot\bin;C:\Windows\system32;C:\Windows;C:\Windows\System32\Wbem;C:\Windows\System32\WindowsPowerShell\v1.0\;C:\Windows\System32\OpenSSH\;C:\Users\youbitech\Downloads\apache-maven-3.9.11\bin;C:\Program Files\Git\cmd;C:\Program Files\Docker\Docker\resources\bin;C:\Program Files\nodejs\;C:\Users\youbitech\Downloads\flutter\bin;C:\Users\youbitech\Desktop\sonar-scanner-7.3.0.5189-windows-x64\bin;C:\Program Files\Eclipse Adoptium\jdk-17.0.17.10-hotspot\bin;C:\Program Files\Eclipse Adoptium\jdk-17.0.17.10-hotspot\bin;C:\sonarqube-25.11.0.114957\bin;C:\Users\youbitech\Desktop\sonar-scanner-7.3.0.5189-windows-x64\bin;C:\Program Files\Eclipse Adoptium\jdk-25.0.0.36-hotspot\bin;C:\Windows\system32;C:\Windows;C:\Windows\System32\Wbem;C:\Windows\System32\WindowsPowerShell\v1.0\;C:\Windows\System32\OpenSSH\;C:\Users\youbitech\Downloads\apache-maven-3.9.11\bin;C:\Program Files\Git\cmd;C:\Program Files\Docker\Docker\resources\bin;C:\Program Files\nodejs\;C:\Users\youbitech\Downloads\flutter\bin;C:\Users\youbitech\Desktop\sonar-scanner-7.3.0.5189-windows-x64\bin;C:\Users\youbitech\AppData\Local\Microsoft\WindowsApps;C:\Users\youbitech\AppData\Local\Programs\Microsoft VS Code\bin;C:\Users\youbitech\AppData\Roaming\npm;C:\Users\youbitech\AppData\Local\Programs\Windsurf\bin;C:\Users\youbitech\AppData\Local\Programs\cursor\resources\app\bin;C:\Users\youbitech\AppData\Local\Pandoc\;C:\Users\youbitech\AppData\Local\Python\bin;C:\Users\youbitech\AppData\Roaming\Pub\Cache\bin;C:\Users\youbitech\AppData\Local\Pub\Cache\bin;
USERNAME=youbitech
OS=Windows_NT
PROCESSOR_IDENTIFIER=Intel64 Family 6 Model 142 Stepping 10, GenuineIntel
TMP=C:\Users\YOUBIT~1\AppData\Local\Temp
TEMP=C:\Users\YOUBIT~1\AppData\Local\Temp



Periodic native trim disabled


---------------  S Y S T E M  ---------------

OS:
 Windows 10 , 64 bit Build 19041 (10.0.19041.5915)
OS uptime: 2 days 7:26 hours
Hyper-V role detected

CPU: total 8 (initial active 8) (4 cores per cpu, 2 threads per core) family 6 model 142 stepping 10 microcode 0xf6, cx8, cmov, fxsr, ht, mmx, 3dnowpref, sse, sse2, sse3, ssse3, sse4.1, sse4.2, popcnt, lzcnt, tsc, tscinvbit, avx, avx2, aes, erms, clmul, bmi1, bmi2, adx, fma, vzeroupper, clflush, clflushopt, hv
Processor Information for all 8 processors :
  Max Mhz: 1800, Current Mhz: 1600, Mhz Limit: 1584

Memory: 4k page, system-wide physical 8035M (388M free)
TotalPageFile size 32611M (AvailPageFile size 35M)
current process WorkingSet (physical memory assigned to process): 10M, peak: 10M
current process commit charge ("private bytes"): 60M, peak: 186M

vm_info: OpenJDK 64-Bit Server VM (17.0.17+10) for windows-amd64 JRE (17.0.17+10), built on Oct 21 2025 23:25:32 by "admin" with unknown MS VC++:1942

END.
